#
# A fatal error has been detected by the Java Runtime Environment:
#
#  SIGSEGV (0xb) at pc=0x00007fffb66bab5d, pid=26753, tid=775
#
# JRE version: Java(TM) SE Runtime Environment (8.0_91-b14) (build 1.8.0_91-b14)
# Java VM: Java HotSpot(TM) 64-Bit Server VM (25.91-b14 mixed mode bsd-amd64 compressed oops)
# Problematic frame:
# C  [libobjc.A.dylib+0x6b5d]  objc_msgSend+0x1d
#
# Failed to write core dump. Core dumps have been disabled. To enable core dumping, try "ulimit -c unlimited" before starting Java again
#
# If you would like to submit a bug report, please visit:
#   http://bugreport.java.com/bugreport/crash.jsp
# The crash happened outside the Java Virtual Machine in native code.
# See problematic frame for where to report the bug.
#

---------------  T H R E A D  ---------------

Current thread (0x00007fb27992a800):  JavaThread "AppKit Thread" daemon [_thread_in_native, id=775, stack(0x00007fff5a879000,0x00007fff5b079000)]

siginfo: si_signo: 11 (SIGSEGV), si_code: 1 (SEGV_MAPERR), si_addr: 0x000007fb27943f00

Registers:
RAX=0x00007fb27db1d3b0, RBX=0x00007fb27959e220, RCX=0x00007fb27947d200, RDX=0x00007fb27db1d3b0
RSP=0x00007fff5b073e78, RBP=0x00007fff5b073e80, RSI=0x00007fffa070366d, RDI=0x00007fb27947d200
R8 =0x00000000000000ff, R9 =0x00007fb2795ac710, R10=0x000007fb27943ee8, R11=0x00007fffa070366d
R12=0x0000000000000000, R13=0x00007fb2795ac710, R14=0x00007fb27db1d3b0, R15=0x0000000000000000
RIP=0x00007fffb66bab5d, EFLAGS=0x0000000000010206, ERR=0x0000000000000004
  TRAPNO=0x000000000000000e

Top of Stack: (sp=0x00007fff5b073e78)
0x00007fff5b073e78:   00007fffa1ef259c 00007fff5b073ef0
0x00007fff5b073e88:   00007fffa1ef249b 0000000000000000
0x00007fff5b073e98:   00007fffbfca6060 00000000c2000000
0x00007fff5b073ea8:   00007fffa1ef24f0 00007fffbc688680
0x00007fff5b073eb8:   00007fb2795ac710 00007fb27db1d3b0
0x00007fff5b073ec8:   00007fff5b0746b8 00007fffb66bab40
0x00007fff5b073ed8:   00007fff5b073fc0 00007fb2795ac710
0x00007fff5b073ee8:   00007fffa06a2631 00007fff5b073f30
0x00007fff5b073ef8:   00007fffa1ef2202 00007fff5b074500
0x00007fff5b073f08:   0000000000000001 00007fffb66bab40
0x00007fff5b073f18:   00007fff5b073fc0 00007fff5b0746b8
0x00007fff5b073f28:   00007fffa06a2631 00007fff5b074650
0x00007fff5b073f38:   00007fffa1eaf903 00007fb279500000
0x00007fff5b073f48:   0000000000000002 0000000104ba7e00
0x00007fff5b073f58:   0000000000000004 00007fb27961a290
0x00007fff5b073f68:   00007fffbc689cb0 0000000000000000
0x00007fff5b073f78:   00007fb27b1110d0 00007fb27961a201
0x00007fff5b073f88:   00007fb279686750 00007fffbc7bbf70
0x00007fff5b073f98:   0000000000000000 0000000000000000
0x00007fff5b073fa8:   0000000000000000 00007fb27964c660
0x00007fff5b073fb8:   00007fffbc6c88a0 00007fff5b074500
0x00007fff5b073fc8:   0000000000000002 0000000000000100
0x00007fff5b073fd8:   00007fffbfc16400 00007fff5b074400
0x00007fff5b073fe8:   0000000000000000 0000000000000100
0x00007fff5b073ff8:   00007fb27954b900 00007fff5b074030
0x00007fff5b074008:   00007fffa1ef2e4c ffff804d86ab4610
0x00007fff5b074018:   00007fb27954b9f0 00007fffbc7b94c8
0x00007fff5b074028:   00007fb27954b9f0 00007fff5b074060
0x00007fff5b074038:   00007fffa1ef2e98 ffff804d86ab4610
0x00007fff5b074048:   00007fb27954b9f0 00007fffbc7b9748
0x00007fff5b074058:   00007fb27954b9f0 00007fff5b074090
0x00007fff5b074068:   00007fffa1ef2f7b 0000000000000d40 

Instructions: (pc=0x00007fffb66bab5d)
0x00007fffb66bab3d:   0f 1f 00 48 85 ff 2e 74 62 40 f6 c7 01 2e 75 66
0x00007fffb66bab4d:   49 ba f8 ff ff ff ff 7f 00 00 4c 23 17 49 89 f3
0x00007fffb66bab5d:   45 23 5a 18 49 c1 e3 04 4d 03 5a 10 49 3b 33 75
0x00007fffb66bab6d:   04 41 ff 63 08 49 83 3b 01 76 0d 49 83 c3 10 49 

Register to memory mapping:

RAX=0x00007fb27db1d3b0 is an unknown value
RBX=0x00007fb27959e220 is an unknown value
RCX=0x00007fb27947d200 is an unknown value
RDX=0x00007fb27db1d3b0 is an unknown value
RSP=0x00007fff5b073e78 is pointing into the stack for thread: 0x00007fb27992a800
RBP=0x00007fff5b073e80 is pointing into the stack for thread: 0x00007fb27992a800
RSI=0x00007fffa070366d: __NSStyleNameIndexTable+0xce881 in /System/Library/Frameworks/AppKit.framework/Versions/C/AppKit at 0x00007fff9fb1d000
RDI=0x00007fb27947d200 is an unknown value
R8 =0x00000000000000ff is an unknown value
R9 =0x00007fb2795ac710 is an unknown value
R10=0x000007fb27943ee8 is an unknown value
R11=0x00007fffa070366d: __NSStyleNameIndexTable+0xce881 in /System/Library/Frameworks/AppKit.framework/Versions/C/AppKit at 0x00007fff9fb1d000
R12=0x0000000000000000 is an unknown value
R13=0x00007fb2795ac710 is an unknown value
R14=0x00007fb27db1d3b0 is an unknown value
R15=0x0000000000000000 is an unknown value


Stack: [0x00007fff5a879000,0x00007fff5b079000],  sp=0x00007fff5b073e78,  free space=8171k
Native frames: (J=compiled Java code, j=interpreted, Vv=VM code, C=native code)
C  [libobjc.A.dylib+0x6b5d]  objc_msgSend+0x1d
C  [CoreFoundation+0x9d49b]  _CFXRegistrationPost+0x1ab
C  [CoreFoundation+0x9d202]  ___CFXNotificationPost_block_invoke+0x32
C  [CoreFoundation+0x5a903]  -[_CFXNotificationRegistrar find:object:observer:enumerator:]+0x723
C  [CoreFoundation+0x5993c]  _CFXNotificationPost+0x25c
C  [Foundation+0x70e3]  -[NSNotificationCenter postNotificationName:object:userInfo:]+0x42
C  [AppKit+0x24e7b2]  -[NSSurface _disposeSurface]+0x98
C  [AppKit+0x24e361]  -[NSSurface setWindow:]+0x35
C  [AppKit+0x28b98]  -[NSView _setWindow:]+0xa0f
C  [AppKit+0x2b7c4]  -[NSView removeFromSuperview]+0x1d1
C  [AppKit+0x14c661]  -[NSView removeFromSuperviewWithoutNeedingDisplay]+0x26
C  [liblwjgl.dylib+0xa205]  +[MacOSXKeyableWindow destroyWindow]+0xb5
C  [Foundation+0x71f2a]  __NSThreadPerformPerform+0x146
C  [CoreFoundation+0xa74b1]  __CFRUNLOOP_IS_CALLING_OUT_TO_A_SOURCE0_PERFORM_FUNCTION__+0x11
C  [CoreFoundation+0x8861d]  __CFRunLoopDoSources0+0x22d
C  [CoreFoundation+0x87b16]  __CFRunLoopRun+0x3a6
C  [CoreFoundation+0x87514]  CFRunLoopRunSpecific+0x1a4
C  [HIToolbox+0x30fbc]  RunCurrentEventLoopInMode+0xf0
C  [HIToolbox+0x30df1]  ReceiveNextEventCommon+0x1b0
C  [HIToolbox+0x30c26]  _BlockUntilNextEventMatchingListInModeWithFilter+0x47
C  [AppKit+0x46b79]  _DPSNextEvent+0x445
C  [AppKit+0x75c1c3]  -[NSApplication(NSEvent) _nextEventMatchingEventMask:untilDate:inMode:dequeue:]+0x665
C  [libosxapp.dylib+0x23aa]  -[NSApplicationAWT nextEventMatchingMask:untilDate:inMode:dequeue:]+0x7c
C  [AppKit+0x3b53d]  -[NSApplication run]+0x39e
C  [libosxapp.dylib+0x214d]  +[NSApplicationAWT runAWTLoopWithApp:]+0x9c
C  [libawt_lwawt.dylib+0x4455b]  -[AWTStarter starter:]+0x389
C  [Foundation+0x71f2a]  __NSThreadPerformPerform+0x146
C  [CoreFoundation+0xa74b1]  __CFRUNLOOP_IS_CALLING_OUT_TO_A_SOURCE0_PERFORM_FUNCTION__+0x11
C  [CoreFoundation+0x8861d]  __CFRunLoopDoSources0+0x22d
C  [CoreFoundation+0x87b16]  __CFRunLoopRun+0x3a6
C  [CoreFoundation+0x87514]  CFRunLoopRunSpecific+0x1a4
C  [java+0x6463]  CreateExecutionEnvironment+0x367
C  [java+0x21ac]  JLI_Launch+0x7a0
C  [java+0x84c0]  main+0x65
C  [java+0x1a04]  start+0x34
C  0x0000000000000007


---------------  P R O C E S S  ---------------

Java Threads: ( => current thread )
  0x00007fb27aa09800 JavaThread "AWT-Shutdown" [_thread_blocked, id=45835, stack(0x0000700003c58000,0x0000700003d58000)]
  0x00007fb27a9ab000 JavaThread "Java2D Queue Flusher" daemon [_thread_blocked, id=59711, stack(0x0000700004f9a000,0x000070000509a000)]
  0x00007fb27a169000 JavaThread "Java2D Disposer" daemon [_thread_blocked, id=66055, stack(0x0000700004e97000,0x0000700004f97000)]
=>0x00007fb27992a800 JavaThread "AppKit Thread" daemon [_thread_in_native, id=775, stack(0x00007fff5a879000,0x00007fff5b079000)]
  0x00007fb279820800 JavaThread "Service Thread" daemon [_thread_blocked, id=18947, stack(0x0000700004a88000,0x0000700004b88000)]
  0x00007fb27b015800 JavaThread "C1 CompilerThread2" daemon [_thread_blocked, id=18435, stack(0x0000700004985000,0x0000700004a85000)]
  0x00007fb27b014800 JavaThread "C2 CompilerThread1" daemon [_thread_blocked, id=17923, stack(0x0000700004882000,0x0000700004982000)]
  0x00007fb27b007000 JavaThread "C2 CompilerThread0" daemon [_thread_blocked, id=17411, stack(0x000070000477f000,0x000070000487f000)]
  0x00007fb279820000 JavaThread "Signal Dispatcher" daemon [_thread_blocked, id=16899, stack(0x000070000467c000,0x000070000477c000)]
  0x00007fb27a80a800 JavaThread "Finalizer" daemon [_thread_blocked, id=12803, stack(0x0000700004579000,0x0000700004679000)]
  0x00007fb27a808000 JavaThread "Reference Handler" daemon [_thread_blocked, id=12291, stack(0x0000700004476000,0x0000700004576000)]
  0x00007fb27b000000 JavaThread "main" [_thread_in_native, id=7427, stack(0x0000700003e64000,0x0000700003f64000)]

Other Threads:
  0x00007fb279816000 VMThread [stack: 0x0000700004373000,0x0000700004473000] [id=11779]
  0x00007fb27b00c000 WatcherThread [stack: 0x0000700004b8b000,0x0000700004c8b000] [id=19459]

VM state:not at safepoint (normal execution)

VM Mutex/Monitor currently owned by a thread: None

Heap:
 PSYoungGen      total 145920K, used 56139K [0x0000000795580000, 0x000000079f280000, 0x00000007c0000000)
  eden space 133120K, 37% used [0x0000000795580000,0x0000000798600c48,0x000000079d780000)
  from space 12800K, 50% used [0x000000079e600000,0x000000079ec52188,0x000000079f280000)
  to   space 13824K, 0% used [0x000000079d780000,0x000000079d780000,0x000000079e500000)
 ParOldGen       total 87552K, used 17134K [0x0000000740000000, 0x0000000745580000, 0x0000000795580000)
  object space 87552K, 19% used [0x0000000740000000,0x00000007410bb870,0x0000000745580000)
 Metaspace       used 10353K, capacity 10509K, committed 10624K, reserved 1058816K
  class space    used 1070K, capacity 1121K, committed 1152K, reserved 1048576K

Card table byte_map: [0x0000000106954000,0x0000000106d55000] byte_map_base: 0x0000000102f54000

Marking Bits: (ParMarkBitMap*) 0x0000000105ee6eb0
 Begin Bits: [0x0000000107000000, 0x0000000109000000)
 End Bits:   [0x0000000109000000, 0x000000010b000000)

Polling page: 0x0000000104c47000

CodeCache: size=245760Kb used=4984Kb max_used=5044Kb free=240775Kb
 bounds [0x000000011228b000, 0x000000011278b000, 0x000000012128b000]
 total_blobs=1919 nmethods=1388 adapters=445
 compilation: enabled

Compilation events (10 events):
Event: 33.032 Thread 0x00007fb27b014800 1403       4       sun.awt.AWTAutoShutdown::isReadyToShutdown (37 bytes)
Event: 33.033 Thread 0x00007fb27b014800 nmethod 1403 0x000000011238cdd0 code [0x000000011238cf40, 0x000000011238d078]
Event: 33.909 Thread 0x00007fb27b007000 1404       4       java.util.HashMap$HashIterator::<init> (79 bytes)
Event: 33.914 Thread 0x00007fb27b007000 nmethod 1404 0x00000001123d0e90 code [0x00000001123d0fe0, 0x00000001123d12d8]
Event: 34.027 Thread 0x00007fb27b014800 1405       4       fr.decor.Plateform::render (32 bytes)
Event: 34.032 Thread 0x00007fb27b014800 nmethod 1405 0x00000001123a3d90 code [0x00000001123a3f20, 0x00000001123a42f8]
Event: 34.125 Thread 0x00007fb27b007000 1406       4       java.nio.Buffer::nextGetIndex (38 bytes)
Event: 34.126 Thread 0x00007fb27b007000 nmethod 1406 0x00000001126e8a90 code [0x00000001126e8be0, 0x00000001126e8c78]
Event: 34.127 Thread 0x00007fb27b014800 1407       4       java.nio.Buffer::nextPutIndex (38 bytes)
Event: 34.128 Thread 0x00007fb27b014800 nmethod 1407 0x00000001126f0fd0 code [0x00000001126f1120, 0x00000001126f11b8]

GC Heap History (10 events):
Event: 5.210 GC heap before
{Heap before GC invocations=2 (full 0):
 PSYoungGen      total 38400K, used 38376K [0x0000000795580000, 0x000000079a080000, 0x00000007c0000000)
  eden space 33280K, 100% used [0x0000000795580000,0x0000000797600000,0x0000000797600000)
  from space 5120K, 99% used [0x0000000797600000,0x0000000797afa158,0x0000000797b00000)
  to   space 5120K, 0% used [0x0000000799b80000,0x0000000799b80000,0x000000079a080000)
 ParOldGen       total 87552K, used 8258K [0x0000000740000000, 0x0000000745580000, 0x0000000795580000)
  object space 87552K, 9% used [0x0000000740000000,0x0000000740810840,0x0000000745580000)
 Metaspace       used 9818K, capacity 9961K, committed 10112K, reserved 1058816K
  class space    used 1024K, capacity 1089K, committed 1152K, reserved 1048576K
Event: 5.225 GC heap after
Heap after GC invocations=2 (full 0):
 PSYoungGen      total 38400K, used 5096K [0x0000000795580000, 0x000000079a080000, 0x00000007c0000000)
  eden space 33280K, 0% used [0x0000000795580000,0x0000000795580000,0x0000000797600000)
  from space 5120K, 99% used [0x0000000799b80000,0x000000079a07a198,0x000000079a080000)
  to   space 5120K, 0% used [0x0000000797600000,0x0000000797600000,0x0000000797b00000)
 ParOldGen       total 87552K, used 11902K [0x0000000740000000, 0x0000000745580000, 0x0000000795580000)
  object space 87552K, 13% used [0x0000000740000000,0x0000000740b9f820,0x0000000745580000)
 Metaspace       used 9818K, capacity 9961K, committed 10112K, reserved 1058816K
  class space    used 1024K, capacity 1089K, committed 1152K, reserved 1048576K
}
Event: 5.449 GC heap before
{Heap before GC invocations=3 (full 0):
 PSYoungGen      total 38400K, used 38376K [0x0000000795580000, 0x000000079a080000, 0x00000007c0000000)
  eden space 33280K, 100% used [0x0000000795580000,0x0000000797600000,0x0000000797600000)
  from space 5120K, 99% used [0x0000000799b80000,0x000000079a07a198,0x000000079a080000)
  to   space 5120K, 0% used [0x0000000797600000,0x0000000797600000,0x0000000797b00000)
 ParOldGen       total 87552K, used 11902K [0x0000000740000000, 0x0000000745580000, 0x0000000795580000)
  object space 87552K, 13% used [0x0000000740000000,0x0000000740b9f820,0x0000000745580000)
 Metaspace       used 9871K, capacity 10093K, committed 10368K, reserved 1058816K
  class space    used 1029K, capacity 1089K, committed 1152K, reserved 1048576K
Event: 5.452 GC heap after
Heap after GC invocations=3 (full 0):
 PSYoungGen      total 38400K, used 5096K [0x0000000795580000, 0x000000079a080000, 0x00000007c0000000)
  eden space 33280K, 0% used [0x0000000795580000,0x0000000795580000,0x0000000797600000)
  from space 5120K, 99% used [0x0000000797600000,0x0000000797afa198,0x0000000797b00000)
  to   space 5120K, 0% used [0x0000000799b80000,0x0000000799b80000,0x000000079a080000)
 ParOldGen       total 87552K, used 11926K [0x0000000740000000, 0x0000000745580000, 0x0000000795580000)
  object space 87552K, 13% used [0x0000000740000000,0x0000000740ba5820,0x0000000745580000)
 Metaspace       used 9871K, capacity 10093K, committed 10368K, reserved 1058816K
  class space    used 1029K, capacity 1089K, committed 1152K, reserved 1048576K
}
Event: 5.551 GC heap before
{Heap before GC invocations=4 (full 0):
 PSYoungGen      total 38400K, used 38376K [0x0000000795580000, 0x000000079a080000, 0x00000007c0000000)
  eden space 33280K, 100% used [0x0000000795580000,0x0000000797600000,0x0000000797600000)
  from space 5120K, 99% used [0x0000000797600000,0x0000000797afa198,0x0000000797b00000)
  to   space 5120K, 0% used [0x0000000799b80000,0x0000000799b80000,0x000000079a080000)
 ParOldGen       total 87552K, used 11926K [0x0000000740000000, 0x0000000745580000, 0x0000000795580000)
  object space 87552K, 13% used [0x0000000740000000,0x0000000740ba5820,0x0000000745580000)
 Metaspace       used 9872K, capacity 10093K, committed 10368K, reserved 1058816K
  class space    used 1029K, capacity 1089K, committed 1152K, reserved 1048576K
Event: 5.556 GC heap after
Heap after GC invocations=4 (full 0):
 PSYoungGen      total 71680K, used 5106K [0x0000000795580000, 0x000000079a080000, 0x00000007c0000000)
  eden space 66560K, 0% used [0x0000000795580000,0x0000000795580000,0x0000000799680000)
  from space 5120K, 99% used [0x0000000799b80000,0x000000079a07c940,0x000000079a080000)
  to   space 5120K, 0% used [0x0000000799680000,0x0000000799680000,0x0000000799b80000)
 ParOldGen       total 87552K, used 11998K [0x0000000740000000, 0x0000000745580000, 0x0000000795580000)
  object space 87552K, 13% used [0x0000000740000000,0x0000000740bb7820,0x0000000745580000)
 Metaspace       used 9872K, capacity 10093K, committed 10368K, reserved 1058816K
  class space    used 1029K, capacity 1089K, committed 1152K, reserved 1048576K
}
Event: 5.819 GC heap before
{Heap before GC invocations=5 (full 0):
 PSYoungGen      total 71680K, used 71666K [0x0000000795580000, 0x000000079a080000, 0x00000007c0000000)
  eden space 66560K, 100% used [0x0000000795580000,0x0000000799680000,0x0000000799680000)
  from space 5120K, 99% used [0x0000000799b80000,0x000000079a07c940,0x000000079a080000)
  to   space 5120K, 0% used [0x0000000799680000,0x0000000799680000,0x0000000799b80000)
 ParOldGen       total 87552K, used 11998K [0x0000000740000000, 0x0000000745580000, 0x0000000795580000)
  object space 87552K, 13% used [0x0000000740000000,0x0000000740bb7820,0x0000000745580000)
 Metaspace       used 9915K, capacity 10093K, committed 10368K, reserved 1058816K
  class space    used 1034K, capacity 1089K, committed 1152K, reserved 1048576K
Event: 5.832 GC heap after
Heap after GC invocations=5 (full 0):
 PSYoungGen      total 71680K, used 4264K [0x0000000795580000, 0x000000079f480000, 0x00000007c0000000)
  eden space 66560K, 0% used [0x0000000795580000,0x0000000795580000,0x0000000799680000)
  from space 5120K, 83% used [0x0000000799680000,0x0000000799aaa188,0x0000000799b80000)
  to   space 14848K, 0% used [0x000000079e600000,0x000000079e600000,0x000000079f480000)
 ParOldGen       total 87552K, used 17126K [0x0000000740000000, 0x0000000745580000, 0x0000000795580000)
  object space 87552K, 19% used [0x0000000740000000,0x00000007410b9870,0x0000000745580000)
 Metaspace       used 9915K, capacity 10093K, committed 10368K, reserved 1058816K
  class space    used 1034K, capacity 1089K, committed 1152K, reserved 1048576K
}
Event: 6.214 GC heap before
{Heap before GC invocations=6 (full 0):
 PSYoungGen      total 71680K, used 70824K [0x0000000795580000, 0x000000079f480000, 0x00000007c0000000)
  eden space 66560K, 100% used [0x0000000795580000,0x0000000799680000,0x0000000799680000)
  from space 5120K, 83% used [0x0000000799680000,0x0000000799aaa188,0x0000000799b80000)
  to   space 14848K, 0% used [0x000000079e600000,0x000000079e600000,0x000000079f480000)
 ParOldGen       total 87552K, used 17126K [0x0000000740000000, 0x0000000745580000, 0x0000000795580000)
  object space 87552K, 19% used [0x0000000740000000,0x00000007410b9870,0x0000000745580000)
 Metaspace       used 10025K, capacity 10189K, committed 10368K, reserved 1058816K
  class space    used 1052K, capacity 1121K, committed 1152K, reserved 1048576K
Event: 6.222 GC heap after
Heap after GC invocations=6 (full 0):
 PSYoungGen      total 145920K, used 6472K [0x0000000795580000, 0x000000079f280000, 0x00000007c0000000)
  eden space 133120K, 0% used [0x0000000795580000,0x0000000795580000,0x000000079d780000)
  from space 12800K, 50% used [0x000000079e600000,0x000000079ec52188,0x000000079f280000)
  to   space 13824K, 0% used [0x000000079d780000,0x000000079d780000,0x000000079e500000)
 ParOldGen       total 87552K, used 17134K [0x0000000740000000, 0x0000000745580000, 0x0000000795580000)
  object space 87552K, 19% used [0x0000000740000000,0x00000007410bb870,0x0000000745580000)
 Metaspace       used 10025K, capacity 10189K, committed 10368K, reserved 1058816K
  class space    used 1052K, capacity 1121K, committed 1152K, reserved 1048576K
}

Deoptimization events (10 events):
Event: 1.852 Thread 0x00007fb27b000000 Uncommon trap: reason=unstable_if action=reinterpret pc=0x0000000112420c04 method=java.lang.String.indexOf([CII[CIII)I @ 3
Event: 1.864 Thread 0x00007fb27b000000 Uncommon trap: reason=class_check action=maybe_recompile pc=0x00000001124b504c method=java.util.HashMap.putVal(ILjava/lang/Object;Ljava/lang/Object;ZZ)Ljava/lang/Object; @ 253
Event: 1.864 Thread 0x00007fb27b000000 Uncommon trap: reason=class_check action=maybe_recompile pc=0x00000001124b504c method=java.util.HashMap.putVal(ILjava/lang/Object;Ljava/lang/Object;ZZ)Ljava/lang/Object; @ 253
Event: 1.864 Thread 0x00007fb27b000000 Uncommon trap: reason=class_check action=maybe_recompile pc=0x00000001124b504c method=java.util.HashMap.putVal(ILjava/lang/Object;Ljava/lang/Object;ZZ)Ljava/lang/Object; @ 253
Event: 1.864 Thread 0x00007fb27b000000 Uncommon trap: reason=class_check action=maybe_recompile pc=0x00000001124b504c method=java.util.HashMap.putVal(ILjava/lang/Object;Ljava/lang/Object;ZZ)Ljava/lang/Object; @ 253
Event: 2.239 Thread 0x00007fb27b000000 Uncommon trap: reason=unstable_if action=reinterpret pc=0x000000011253a130 method=sun.java2d.loops.GraphicsPrimitiveMgr.locate(Lsun/java2d/loops/GraphicsPrimitiveMgr$PrimitiveSpec;)Lsun/java2d/loops/GraphicsPrimitive; @ 85
Event: 5.097 Thread 0x00007fb27b000000 Uncommon trap: reason=bimorphic action=maybe_recompile pc=0x00000001124fdce8 method=java.util.HashMap.putVal(ILjava/lang/Object;Ljava/lang/Object;ZZ)Ljava/lang/Object; @ 91
Event: 5.098 Thread 0x00007fb27b000000 Uncommon trap: reason=bimorphic action=maybe_recompile pc=0x00000001124fdce8 method=java.util.HashMap.putVal(ILjava/lang/Object;Ljava/lang/Object;ZZ)Ljava/lang/Object; @ 91
Event: 5.100 Thread 0x00007fb27b000000 Uncommon trap: reason=bimorphic action=maybe_recompile pc=0x00000001124fdce8 method=java.util.HashMap.putVal(ILjava/lang/Object;Ljava/lang/Object;ZZ)Ljava/lang/Object; @ 91
Event: 5.101 Thread 0x00007fb27b000000 Uncommon trap: reason=bimorphic action=maybe_recompile pc=0x00000001124fdce8 method=java.util.HashMap.putVal(ILjava/lang/Object;Ljava/lang/Object;ZZ)Ljava/lang/Object; @ 91

Internal exceptions (10 events):
Event: 0.036 Thread 0x00007fb27b000000 Exception <a 'java/lang/NoSuchMethodError': Method sun.misc.Unsafe.defineClass(Ljava/lang/String;[BII)Ljava/lang/Class; name or signature does not match> (0x0000000795587cc0) thrown at [/Users/java_re/workspace/8-2-build-macosx-x86_64/jdk8u91/6644/hotspot
Event: 0.036 Thread 0x00007fb27b000000 Exception <a 'java/lang/NoSuchMethodError': Method sun.misc.Unsafe.prefetchRead(Ljava/lang/Object;J)V name or signature does not match> (0x0000000795587fa8) thrown at [/Users/java_re/workspace/8-2-build-macosx-x86_64/jdk8u91/6644/hotspot/src/share/vm/prim
Event: 0.201 Thread 0x00007fb27b000000 Exception <a 'java/security/PrivilegedActionException'> (0x00000007957ca610) thrown at [/Users/java_re/workspace/8-2-build-macosx-x86_64/jdk8u91/6644/hotspot/src/share/vm/prims/jvm.cpp, line 1386]
Event: 0.201 Thread 0x00007fb27b000000 Exception <a 'java/security/PrivilegedActionException'> (0x00000007957ca820) thrown at [/Users/java_re/workspace/8-2-build-macosx-x86_64/jdk8u91/6644/hotspot/src/share/vm/prims/jvm.cpp, line 1386]
Event: 0.202 Thread 0x00007fb27b000000 Exception <a 'java/security/PrivilegedActionException'> (0x00000007957cdca8) thrown at [/Users/java_re/workspace/8-2-build-macosx-x86_64/jdk8u91/6644/hotspot/src/share/vm/prims/jvm.cpp, line 1386]
Event: 0.202 Thread 0x00007fb27b000000 Exception <a 'java/security/PrivilegedActionException'> (0x00000007957cdeb8) thrown at [/Users/java_re/workspace/8-2-build-macosx-x86_64/jdk8u91/6644/hotspot/src/share/vm/prims/jvm.cpp, line 1386]
Event: 0.289 Thread 0x00007fb27b000000 Exception <a 'java/lang/NoSuchFieldError': method resolution failed> (0x000000079589cb28) thrown at [/Users/java_re/workspace/8-2-build-macosx-x86_64/jdk8u91/6644/hotspot/src/share/vm/prims/methodHandles.cpp, line 1146]
Event: 0.291 Thread 0x00007fb27b000000 Exception <a 'java/lang/NoSuchFieldError': method resolution failed> (0x00000007958aa278) thrown at [/Users/java_re/workspace/8-2-build-macosx-x86_64/jdk8u91/6644/hotspot/src/share/vm/prims/methodHandles.cpp, line 1146]
Event: 0.587 Thread 0x00007fb27b000000 Exception <a 'java/io/FileNotFoundException'> (0x00000007959252e8) thrown at [/Users/java_re/workspace/8-2-build-macosx-x86_64/jdk8u91/6644/hotspot/src/share/vm/prims/jni.cpp, line 709]
Event: 0.587 Thread 0x00007fb27b000000 Exception <a 'java/io/FileNotFoundException'> (0x0000000795925e30) thrown at [/Users/java_re/workspace/8-2-build-macosx-x86_64/jdk8u91/6644/hotspot/src/share/vm/prims/jni.cpp, line 709]

Events (10 events):
Event: 32.146 Thread 0x00007fb27b007000 flushing nmethod 0x00000001123ad110
Event: 32.146 Thread 0x00007fb27b007000 flushing nmethod 0x00000001123b7190
Event: 33.034 Thread 0x00007fb27b014800 flushing nmethod 0x00000001123c21d0
Event: 33.034 Thread 0x00007fb27b014800 flushing nmethod 0x00000001123c26d0
Event: 33.034 Thread 0x00007fb27b014800 flushing nmethod 0x00000001123c5f50
Event: 33.034 Thread 0x00007fb27b014800 flushing nmethod 0x00000001123d0e90
Event: 33.034 Thread 0x00007fb27b014800 flushing nmethod 0x00000001123d7890
Event: 34.033 Thread 0x00007fb27b014800 flushing nmethod 0x0000000112413c10
Event: 34.533 loading class org/lwjgl/opengl/CallbackUtil
Event: 34.533 loading class org/lwjgl/opengl/CallbackUtil done


Dynamic libraries:
0x000000002ccc7000 	/System/Library/Frameworks/Cocoa.framework/Versions/A/Cocoa
0x000000002ccc7000 	/System/Library/Frameworks/Security.framework/Versions/A/Security
0x000000002ccc7000 	/System/Library/Frameworks/ApplicationServices.framework/Versions/A/ApplicationServices
0x000000002ccc7000 	/usr/lib/libz.1.dylib
0x000000002ccc7000 	/usr/lib/libSystem.B.dylib
0x000000002ccc7000 	/usr/lib/libobjc.A.dylib
0x000000002ccc7000 	/System/Library/Frameworks/CoreFoundation.framework/Versions/A/CoreFoundation
0x000000002ccc7000 	/System/Library/Frameworks/Foundation.framework/Versions/C/Foundation
0x000000002ccc7000 	/System/Library/Frameworks/AppKit.framework/Versions/C/AppKit
0x000000002ccc7000 	/System/Library/Frameworks/CoreData.framework/Versions/A/CoreData
0x000000002ccc7000 	/System/Library/PrivateFrameworks/RemoteViewServices.framework/Versions/A/RemoteViewServices
0x000000002ccc7000 	/System/Library/PrivateFrameworks/UIFoundation.framework/Versions/A/UIFoundation
0x000000002ccc7000 	/usr/lib/libenergytrace.dylib
0x000000002ccc7000 	/System/Library/PrivateFrameworks/SkyLight.framework/Versions/A/SkyLight
0x000000002ccc7000 	/System/Library/Frameworks/CoreGraphics.framework/Versions/A/CoreGraphics
0x000000002ccc7000 	/usr/lib/libScreenReader.dylib
0x000000002ccc7000 	/System/Library/Frameworks/Accelerate.framework/Versions/A/Accelerate
0x000000002ccc7000 	/System/Library/Frameworks/IOSurface.framework/Versions/A/IOSurface
0x000000002ccc7000 	/System/Library/Frameworks/AudioToolbox.framework/Versions/A/AudioToolbox
0x000000002ccc7000 	/System/Library/Frameworks/AudioUnit.framework/Versions/A/AudioUnit
0x000000002ccc7000 	/System/Library/PrivateFrameworks/DataDetectorsCore.framework/Versions/A/DataDetectorsCore
0x000000002ccc7000 	/System/Library/PrivateFrameworks/DesktopServicesPriv.framework/Versions/A/DesktopServicesPriv
0x000000002ccc7000 	/System/Library/Frameworks/Carbon.framework/Versions/A/Frameworks/HIToolbox.framework/Versions/A/HIToolbox
0x000000002ccc7000 	/usr/lib/libicucore.A.dylib
0x000000002ccc7000 	/System/Library/Frameworks/QuartzCore.framework/Versions/A/QuartzCore
0x000000002ccc7000 	/System/Library/Frameworks/Carbon.framework/Versions/A/Frameworks/SpeechRecognition.framework/Versions/A/SpeechRecognition
0x000000002ccc7000 	/usr/lib/libauto.dylib
0x000000002ccc7000 	/usr/lib/libxml2.2.dylib
0x000000002ccc7000 	/System/Library/PrivateFrameworks/CoreUI.framework/Versions/A/CoreUI
0x000000002ccc7000 	/System/Library/Frameworks/CoreAudio.framework/Versions/A/CoreAudio
0x000000002ccc7000 	/System/Library/Frameworks/DiskArbitration.framework/Versions/A/DiskArbitration
0x000000002ccc7000 	/usr/lib/liblangid.dylib
0x000000002ccc7000 	/System/Library/PrivateFrameworks/MultitouchSupport.framework/Versions/A/MultitouchSupport
0x000000002ccc7000 	/System/Library/Frameworks/IOKit.framework/Versions/A/IOKit
0x000000002ccc7000 	/usr/lib/libDiagnosticMessagesClient.dylib
0x000000002ccc7000 	/System/Library/Frameworks/CoreServices.framework/Versions/A/CoreServices
0x000000002ccc7000 	/System/Library/PrivateFrameworks/PerformanceAnalysis.framework/Versions/A/PerformanceAnalysis
0x000000002ccc7000 	/System/Library/PrivateFrameworks/GenerationalStorage.framework/Versions/A/GenerationalStorage
0x000000002ccc7000 	/System/Library/Frameworks/OpenGL.framework/Versions/A/OpenGL
0x000000002ccc7000 	/System/Library/Frameworks/CoreImage.framework/Versions/A/CoreImage
0x000000002ccc7000 	/System/Library/Frameworks/CoreText.framework/Versions/A/CoreText
0x000000002ccc7000 	/System/Library/Frameworks/ImageIO.framework/Versions/A/ImageIO
0x000000002ccc7000 	/System/Library/PrivateFrameworks/Backup.framework/Versions/A/Backup
0x000000002ccc7000 	/usr/lib/libarchive.2.dylib
0x000000002ccc7000 	/System/Library/Frameworks/CFNetwork.framework/Versions/A/CFNetwork
0x000000002ccc7000 	/System/Library/Frameworks/SystemConfiguration.framework/Versions/A/SystemConfiguration
0x000000002ccc7000 	/usr/lib/libCRFSuite.dylib
0x000000002ccc7000 	/usr/lib/libc++.1.dylib
0x000000002ccc7000 	/usr/lib/libc++abi.dylib
0x000000002ccc7000 	/usr/lib/system/libcache.dylib
0x000000002ccc7000 	/usr/lib/system/libcommonCrypto.dylib
0x000000002ccc7000 	/usr/lib/system/libcompiler_rt.dylib
0x000000002ccc7000 	/usr/lib/system/libcopyfile.dylib
0x000000002ccc7000 	/usr/lib/system/libcorecrypto.dylib
0x000000002ccc7000 	/usr/lib/system/libdispatch.dylib
0x000000002ccc7000 	/usr/lib/system/libdyld.dylib
0x000000002ccc7000 	/usr/lib/system/libkeymgr.dylib
0x000000002ccc7000 	/usr/lib/system/liblaunch.dylib
0x000000002ccc7000 	/usr/lib/system/libmacho.dylib
0x000000002ccc7000 	/usr/lib/system/libquarantine.dylib
0x000000002ccc7000 	/usr/lib/system/libremovefile.dylib
0x000000002ccc7000 	/usr/lib/system/libsystem_asl.dylib
0x000000002ccc7000 	/usr/lib/system/libsystem_blocks.dylib
0x000000002ccc7000 	/usr/lib/system/libsystem_c.dylib
0x000000002ccc7000 	/usr/lib/system/libsystem_configuration.dylib
0x000000002ccc7000 	/usr/lib/system/libsystem_coreservices.dylib
0x000000002ccc7000 	/usr/lib/system/libsystem_coretls.dylib
0x000000002ccc7000 	/usr/lib/system/libsystem_dnssd.dylib
0x000000002ccc7000 	/usr/lib/system/libsystem_info.dylib
0x000000002ccc7000 	/usr/lib/system/libsystem_kernel.dylib
0x000000002ccc7000 	/usr/lib/system/libsystem_m.dylib
0x000000002ccc7000 	/usr/lib/system/libsystem_malloc.dylib
0x000000002ccc7000 	/usr/lib/system/libsystem_network.dylib
0x000000002ccc7000 	/usr/lib/system/libsystem_networkextension.dylib
0x000000002ccc7000 	/usr/lib/system/libsystem_notify.dylib
0x000000002ccc7000 	/usr/lib/system/libsystem_platform.dylib
0x000000002ccc7000 	/usr/lib/system/libsystem_pthread.dylib
0x000000002ccc7000 	/usr/lib/system/libsystem_sandbox.dylib
0x000000002ccc7000 	/usr/lib/system/libsystem_secinit.dylib
0x000000002ccc7000 	/usr/lib/system/libsystem_symptoms.dylib
0x000000002ccc7000 	/usr/lib/system/libsystem_trace.dylib
0x000000002ccc7000 	/usr/lib/system/libunwind.dylib
0x000000002ccc7000 	/usr/lib/system/libxpc.dylib
0x000000002ccc7000 	/usr/lib/libbsm.0.dylib
0x000000002ccc7000 	/usr/lib/system/libkxld.dylib
0x000000002ccc7000 	/usr/lib/libcoretls.dylib
0x000000002ccc7000 	/usr/lib/libcoretls_cfhelpers.dylib
0x000000002ccc7000 	/usr/lib/libxar.1.dylib
0x000000002ccc7000 	/usr/lib/libsqlite3.dylib
0x000000002ccc7000 	/usr/lib/libpam.2.dylib
0x000000002ccc7000 	/usr/lib/libOpenScriptingUtil.dylib
0x000000002ccc7000 	/usr/lib/libbz2.1.0.dylib
0x000000002ccc7000 	/usr/lib/liblzma.5.dylib
0x000000002ccc7000 	/usr/lib/libnetwork.dylib
0x000000002ccc7000 	/usr/lib/libpcap.A.dylib
0x000000002ccc7000 	/System/Library/Frameworks/CoreServices.framework/Versions/A/Frameworks/FSEvents.framework/Versions/A/FSEvents
0x000000002ccc7000 	/System/Library/Frameworks/CoreServices.framework/Versions/A/Frameworks/CarbonCore.framework/Versions/A/CarbonCore
0x000000002ccc7000 	/System/Library/Frameworks/CoreServices.framework/Versions/A/Frameworks/Metadata.framework/Versions/A/Metadata
0x000000002ccc7000 	/System/Library/Frameworks/CoreServices.framework/Versions/A/Frameworks/OSServices.framework/Versions/A/OSServices
0x000000002ccc7000 	/System/Library/Frameworks/CoreServices.framework/Versions/A/Frameworks/SearchKit.framework/Versions/A/SearchKit
0x000000002ccc7000 	/System/Library/Frameworks/CoreServices.framework/Versions/A/Frameworks/AE.framework/Versions/A/AE
0x000000002ccc7000 	/System/Library/Frameworks/CoreServices.framework/Versions/A/Frameworks/LaunchServices.framework/Versions/A/LaunchServices
0x000000002ccc7000 	/System/Library/Frameworks/CoreServices.framework/Versions/A/Frameworks/DictionaryServices.framework/Versions/A/DictionaryServices
0x000000002ccc7000 	/System/Library/Frameworks/CoreServices.framework/Versions/A/Frameworks/SharedFileList.framework/Versions/A/SharedFileList
0x000000002ccc7000 	/System/Library/Frameworks/NetFS.framework/Versions/A/NetFS
0x000000002ccc7000 	/System/Library/PrivateFrameworks/NetAuth.framework/Versions/A/NetAuth
0x000000002ccc7000 	/System/Library/PrivateFrameworks/login.framework/Versions/A/Frameworks/loginsupport.framework/Versions/A/loginsupport
0x000000002ccc7000 	/System/Library/PrivateFrameworks/TCC.framework/Versions/A/TCC
0x000000002ccc7000 	/usr/lib/libmecabra.dylib
0x000000002ccc7000 	/System/Library/Frameworks/ApplicationServices.framework/Versions/A/Frameworks/ATS.framework/Versions/A/ATS
0x000000002ccc7000 	/System/Library/Frameworks/ApplicationServices.framework/Versions/A/Frameworks/ColorSync.framework/Versions/A/ColorSync
0x000000002ccc7000 	/System/Library/Frameworks/ApplicationServices.framework/Versions/A/Frameworks/HIServices.framework/Versions/A/HIServices
0x000000002ccc7000 	/System/Library/Frameworks/ApplicationServices.framework/Versions/A/Frameworks/LangAnalysis.framework/Versions/A/LangAnalysis
0x000000002ccc7000 	/System/Library/Frameworks/ApplicationServices.framework/Versions/A/Frameworks/PrintCore.framework/Versions/A/PrintCore
0x000000002ccc7000 	/System/Library/Frameworks/ApplicationServices.framework/Versions/A/Frameworks/QD.framework/Versions/A/QD
0x000000002ccc7000 	/System/Library/Frameworks/ApplicationServices.framework/Versions/A/Frameworks/SpeechSynthesis.framework/Versions/A/SpeechSynthesis
0x000000002ccc7000 	/System/Library/Frameworks/Accelerate.framework/Versions/A/Frameworks/vImage.framework/Versions/A/vImage
0x000000002ccc7000 	/System/Library/Frameworks/Accelerate.framework/Versions/A/Frameworks/vecLib.framework/Versions/A/vecLib
0x000000002ccc7000 	/System/Library/Frameworks/Accelerate.framework/Versions/A/Frameworks/vecLib.framework/Versions/A/libvDSP.dylib
0x000000002ccc7000 	/System/Library/Frameworks/Accelerate.framework/Versions/A/Frameworks/vecLib.framework/Versions/A/libBNNS.dylib
0x000000002ccc7000 	/System/Library/Frameworks/Accelerate.framework/Versions/A/Frameworks/vecLib.framework/Versions/A/libQuadrature.dylib
0x000000002ccc7000 	/System/Library/Frameworks/Accelerate.framework/Versions/A/Frameworks/vecLib.framework/Versions/A/libvMisc.dylib
0x000000002ccc7000 	/System/Library/Frameworks/Accelerate.framework/Versions/A/Frameworks/vecLib.framework/Versions/A/libLAPACK.dylib
0x000000002ccc7000 	/System/Library/Frameworks/Accelerate.framework/Versions/A/Frameworks/vecLib.framework/Versions/A/libBLAS.dylib
0x000000002ccc7000 	/System/Library/Frameworks/Accelerate.framework/Versions/A/Frameworks/vecLib.framework/Versions/A/libLinearAlgebra.dylib
0x000000002ccc7000 	/System/Library/Frameworks/Accelerate.framework/Versions/A/Frameworks/vecLib.framework/Versions/A/libSparseBLAS.dylib
0x000000002ccc7000 	/System/Library/Frameworks/ApplicationServices.framework/Versions/A/Frameworks/ATS.framework/Versions/A/Resources/libFontParser.dylib
0x000000002ccc7000 	/System/Library/Frameworks/ApplicationServices.framework/Versions/A/Frameworks/ATS.framework/Versions/A/Resources/libFontRegistry.dylib
0x000000002ccc7000 	/System/Library/Frameworks/ImageIO.framework/Versions/A/Resources/libJPEG.dylib
0x000000002ccc7000 	/System/Library/Frameworks/ImageIO.framework/Versions/A/Resources/libTIFF.dylib
0x000000002ccc7000 	/System/Library/Frameworks/ImageIO.framework/Versions/A/Resources/libPng.dylib
0x000000002ccc7000 	/System/Library/Frameworks/ImageIO.framework/Versions/A/Resources/libGIF.dylib
0x000000002ccc7000 	/System/Library/Frameworks/ImageIO.framework/Versions/A/Resources/libJP2.dylib
0x000000002ccc7000 	/System/Library/Frameworks/ImageIO.framework/Versions/A/Resources/libRadiance.dylib
0x000000002ccc7000 	/usr/lib/libcompression.dylib
0x000000002ccc7000 	/System/Library/PrivateFrameworks/AppleJPEG.framework/Versions/A/AppleJPEG
0x000000002ccc7000 	/usr/lib/libcups.2.dylib
0x000000002ccc7000 	/System/Library/Frameworks/Kerberos.framework/Versions/A/Kerberos
0x000000002ccc7000 	/System/Library/Frameworks/GSS.framework/Versions/A/GSS
0x000000002ccc7000 	/usr/lib/libresolv.9.dylib
0x000000002ccc7000 	/usr/lib/libiconv.2.dylib
0x000000002ccc7000 	/System/Library/PrivateFrameworks/Heimdal.framework/Versions/A/Heimdal
0x000000002ccc7000 	/usr/lib/libheimdal-asn1.dylib
0x000000002ccc7000 	/System/Library/Frameworks/OpenDirectory.framework/Versions/A/OpenDirectory
0x000000002ccc7000 	/System/Library/PrivateFrameworks/CommonAuth.framework/Versions/A/CommonAuth
0x000000002ccc7000 	/System/Library/Frameworks/OpenDirectory.framework/Versions/A/Frameworks/CFOpenDirectory.framework/Versions/A/CFOpenDirectory
0x000000002ccc7000 	/System/Library/Frameworks/SecurityFoundation.framework/Versions/A/SecurityFoundation
0x000000002ccc7000 	/System/Library/PrivateFrameworks/LanguageModeling.framework/Versions/A/LanguageModeling
0x000000002ccc7000 	/usr/lib/libmarisa.dylib
0x000000002ccc7000 	/usr/lib/libChineseTokenizer.dylib
0x000000002ccc7000 	/usr/lib/libcmph.dylib
0x000000002ccc7000 	/System/Library/PrivateFrameworks/CoreEmoji.framework/Versions/A/CoreEmoji
0x000000002ccc7000 	/System/Library/Frameworks/ServiceManagement.framework/Versions/A/ServiceManagement
0x000000002ccc7000 	/usr/lib/libxslt.1.dylib
0x000000002ccc7000 	/System/Library/Frameworks/Carbon.framework/Versions/A/Frameworks/Ink.framework/Versions/A/Ink
0x000000002ccc7000 	/System/Library/PrivateFrameworks/TextureIO.framework/Versions/A/TextureIO
0x000000002ccc7000 	/System/Library/Frameworks/Metal.framework/Versions/A/Metal
0x000000002ccc7000 	/usr/lib/libate.dylib
0x000000002ccc7000 	/System/Library/PrivateFrameworks/GPUCompiler.framework/libmetal_timestamp.dylib
0x000000002ccc7000 	/System/Library/Frameworks/OpenGL.framework/Versions/A/Libraries/libCoreFSCache.dylib
0x000000002ccc7000 	/System/Library/PrivateFrameworks/IOAccelerator.framework/Versions/A/IOAccelerator
0x000000002ccc7000 	/System/Library/Frameworks/CoreVideo.framework/Versions/A/CoreVideo
0x000000002ccc7000 	/usr/lib/libFosl_dynamic.dylib
0x000000002ccc7000 	/System/Library/PrivateFrameworks/MetalPerformanceShaders.framework/Versions/A/MetalPerformanceShaders
0x000000002ccc7000 	/System/Library/PrivateFrameworks/FaceCore.framework/Versions/A/FaceCore
0x000000002ccc7000 	/System/Library/Frameworks/OpenCL.framework/Versions/A/OpenCL
0x000000002ccc7000 	/System/Library/Frameworks/OpenGL.framework/Versions/A/Libraries/libGLU.dylib
0x000000002ccc7000 	/System/Library/Frameworks/OpenGL.framework/Versions/A/Libraries/libGFXShared.dylib
0x000000002ccc7000 	/System/Library/Frameworks/OpenGL.framework/Versions/A/Libraries/libGL.dylib
0x000000002ccc7000 	/System/Library/Frameworks/OpenGL.framework/Versions/A/Libraries/libGLImage.dylib
0x000000002ccc7000 	/System/Library/Frameworks/OpenGL.framework/Versions/A/Libraries/libCVMSPluginSupport.dylib
0x000000002ccc7000 	/System/Library/Frameworks/OpenGL.framework/Versions/A/Libraries/libCoreVMClient.dylib
0x000000002ccc7000 	/System/Library/PrivateFrameworks/CrashReporterSupport.framework/Versions/A/CrashReporterSupport
0x000000002ccc7000 	/System/Library/PrivateFrameworks/Sharing.framework/Versions/A/Sharing
0x000000002ccc7000 	/System/Library/PrivateFrameworks/IconServices.framework/Versions/A/IconServices
0x000000002ccc7000 	/System/Library/PrivateFrameworks/ProtocolBuffer.framework/Versions/A/ProtocolBuffer
0x000000002ccc7000 	/System/Library/PrivateFrameworks/Apple80211.framework/Versions/A/Apple80211
0x000000002ccc7000 	/System/Library/Frameworks/CoreWLAN.framework/Versions/A/CoreWLAN
0x000000002ccc7000 	/System/Library/PrivateFrameworks/CoreUtils.framework/Versions/A/CoreUtils
0x000000002ccc7000 	/System/Library/Frameworks/IOBluetooth.framework/Versions/A/IOBluetooth
0x000000002ccc7000 	/System/Library/PrivateFrameworks/CoreWiFi.framework/Versions/A/CoreWiFi
0x000000002ccc7000 	/System/Library/Frameworks/CoreBluetooth.framework/Versions/A/CoreBluetooth
0x000000002ccc7000 	/System/Library/Frameworks/CoreDisplay.framework/Versions/A/CoreDisplay
0x000000002ccc7000 	/System/Library/PrivateFrameworks/IOPresentment.framework/Versions/A/IOPresentment
0x000000002ccc7000 	/System/Library/PrivateFrameworks/DebugSymbols.framework/Versions/A/DebugSymbols
0x000000002ccc7000 	/System/Library/PrivateFrameworks/CoreSymbolication.framework/Versions/A/CoreSymbolication
0x000000002ccc7000 	/System/Library/PrivateFrameworks/Symbolication.framework/Versions/A/Symbolication
0x000000002ccc7000 	/System/Library/PrivateFrameworks/AppleFSCompression.framework/Versions/A/AppleFSCompression
0x000000002ccc7000 	/System/Library/PrivateFrameworks/SpeechRecognitionCore.framework/Versions/A/SpeechRecognitionCore
0x000000002ccc7000 	/System/Library/PrivateFrameworks/ChunkingLibrary.framework/Versions/A/ChunkingLibrary
0x0000000105600000 	/Library/Java/JavaVirtualMachines/jdk1.8.0_91.jdk/Contents/Home/jre/lib/server/libjvm.dylib
0x000000002ccc7000 	/usr/lib/libstdc++.6.dylib
0x0000000104c04000 	/Library/Java/JavaVirtualMachines/jdk1.8.0_91.jdk/Contents/Home/jre/lib/libverify.dylib
0x0000000104c12000 	/Library/Java/JavaVirtualMachines/jdk1.8.0_91.jdk/Contents/Home/jre/lib/libjava.dylib
0x0000000104c51000 	/Library/Java/JavaVirtualMachines/jdk1.8.0_91.jdk/Contents/Home/jre/lib/libzip.dylib
0x000000010cd64000 	/System/Library/Frameworks/JavaVM.framework/Frameworks/JavaRuntimeSupport.framework/JavaRuntimeSupport
0x000000010cd7e000 	/System/Library/Frameworks/JavaVM.framework/Versions/A/Frameworks/JavaNativeFoundation.framework/Versions/A/JavaNativeFoundation
0x0000000104ded000 	/System/Library/Frameworks/JavaVM.framework/Versions/A/JavaVM
0x000000002ccc7000 	/System/Library/Frameworks/Carbon.framework/Versions/A/Carbon
0x000000010cd93000 	/System/Library/PrivateFrameworks/JavaLaunching.framework/Versions/A/JavaLaunching
0x000000002ccc7000 	/System/Library/Frameworks/Carbon.framework/Versions/A/Frameworks/CommonPanels.framework/Versions/A/CommonPanels
0x000000002ccc7000 	/System/Library/Frameworks/Carbon.framework/Versions/A/Frameworks/Help.framework/Versions/A/Help
0x000000002ccc7000 	/System/Library/Frameworks/Carbon.framework/Versions/A/Frameworks/ImageCapture.framework/Versions/A/ImageCapture
0x000000002ccc7000 	/System/Library/Frameworks/Carbon.framework/Versions/A/Frameworks/OpenScripting.framework/Versions/A/OpenScripting
0x000000002ccc7000 	/System/Library/Frameworks/Carbon.framework/Versions/A/Frameworks/Print.framework/Versions/A/Print
0x000000002ccc7000 	/System/Library/Frameworks/Carbon.framework/Versions/A/Frameworks/SecurityHI.framework/Versions/A/SecurityHI
0x000000010e6c6000 	/Library/Java/JavaVirtualMachines/jdk1.8.0_91.jdk/Contents/Home/jre/lib/libawt.dylib
0x000000010e76e000 	/Library/Java/JavaVirtualMachines/jdk1.8.0_91.jdk/Contents/Home/jre/lib/./libmlib_image.dylib
0x000000010e83a000 	/Library/Java/JavaVirtualMachines/jdk1.8.0_91.jdk/Contents/Home/jre/lib/libawt_lwawt.dylib
0x000000010e8ef000 	/Library/Java/JavaVirtualMachines/jdk1.8.0_91.jdk/Contents/Home/jre/lib/./libosxapp.dylib
0x000000002ccc7000 	/System/Library/Frameworks/ExceptionHandling.framework/Versions/A/ExceptionHandling
0x000000002ccc7000 	/System/Library/PrivateFrameworks/CoreServicesInternal.framework/Versions/A/CoreServicesInternal
0x000000002ccc7000 	/System/Library/CoreServices/RawCamera.bundle/Contents/MacOS/RawCamera
0x000000002ccc7000 	/System/Library/Frameworks/Accelerate.framework/Versions/A/Frameworks/vImage.framework/Versions/A/Libraries/libCGInterfaces.dylib
0x000000002ccc7000 	/System/Library/PrivateFrameworks/FamilyControls.framework/Versions/A/FamilyControls
0x000000002ccc7000 	/System/Library/PrivateFrameworks/CommerceKit.framework/Versions/A/Frameworks/CommerceCore.framework/Versions/A/CommerceCore
0x000000002ccc7000 	/System/Library/PrivateFrameworks/SystemAdministration.framework/Versions/A/SystemAdministration
0x000000002ccc7000 	/System/Library/PrivateFrameworks/AppContainer.framework/Versions/A/AppContainer
0x000000002ccc7000 	/System/Library/PrivateFrameworks/SecCodeWrapper.framework/Versions/A/SecCodeWrapper
0x000000002ccc7000 	/System/Library/Frameworks/DirectoryService.framework/Versions/A/DirectoryService
0x000000002ccc7000 	/System/Library/PrivateFrameworks/DiskImages.framework/Versions/A/DiskImages
0x000000002ccc7000 	/System/Library/PrivateFrameworks/LoginUIKit.framework/Versions/A/Frameworks/LoginUICore.framework/Versions/A/LoginUICore
0x000000002ccc7000 	/usr/lib/libCoreStorage.dylib
0x000000002ccc7000 	/usr/lib/libcsfde.dylib
0x000000002ccc7000 	/usr/lib/libodfde.dylib
0x000000002ccc7000 	/System/Library/Frameworks/DiscRecording.framework/Versions/A/DiscRecording
0x000000002ccc7000 	/usr/lib/libcurl.4.dylib
0x000000002ccc7000 	/System/Library/PrivateFrameworks/MediaKit.framework/Versions/A/MediaKit
0x000000002ccc7000 	/System/Library/PrivateFrameworks/ProtectedCloudStorage.framework/Versions/A/ProtectedCloudStorage
0x000000002ccc7000 	/System/Library/PrivateFrameworks/EFILogin.framework/Versions/A/EFILogin
0x000000002ccc7000 	/usr/lib/libutil.dylib
0x000000002ccc7000 	/System/Library/Frameworks/LDAP.framework/Versions/A/LDAP
0x000000002ccc7000 	/usr/lib/libsasl2.2.dylib
0x000000002ccc7000 	/System/Library/PrivateFrameworks/CoreDaemon.framework/Versions/B/CoreDaemon
0x000000002ccc7000 	/System/Library/PrivateFrameworks/AppleSRP.framework/Versions/A/AppleSRP
0x000000002ccc7000 	/System/Library/PrivateFrameworks/APFS.framework/Versions/A/APFS
0x00000001111c7000 	/Library/Java/JavaVirtualMachines/jdk1.8.0_91.jdk/Contents/Home/jre/lib/libfontmanager.dylib
0x000000002ccc7000 	/System/Library/Frameworks/ApplicationServices.framework/Versions/A/Frameworks/ATS.framework/Versions/A/Resources/libTrueTypeScaler.dylib
0x00000001113dd000 	/Users/eveler/git/TGD_Projet1/natives/liblwjgl.dylib
0x000000011009e000 	/Library/Java/JavaVirtualMachines/jdk1.8.0_91.jdk/Contents/Home/jre/lib/libjawt.dylib
0x000000002ccc7000 	/System/Library/Frameworks/OpenGL.framework/Versions/A/Resources/GLEngine.bundle/GLEngine
0x000000002ccc7000 	/System/Library/Frameworks/OpenGL.framework/Versions/A/Libraries/libGLProgrammability.dylib
0x000000012128b000 	/System/Library/Extensions/AppleIntelBDWGraphicsGLDriver.bundle/Contents/MacOS/AppleIntelBDWGraphicsGLDriver
0x000000002ccc7000 	/System/Library/PrivateFrameworks/GPUSupport.framework/Versions/A/Libraries/libGPUSupportMercury.dylib
0x000000002ccc7000 	/System/Library/Frameworks/OpenGL.framework/Versions/A/Resources/GLRendererFloat.bundle/GLRendererFloat
0x000000002ccc7000 	/System/Library/Frameworks/OpenCL.framework/Versions/A/Libraries/libcldcpuengine.dylib
0x000000002ccc7000 	/usr/lib/libcrypto.0.9.8.dylib
0x000000002ccc7000 	/System/Library/PrivateFrameworks/TrustEvaluationAgent.framework/Versions/A/TrustEvaluationAgent
0x0000000111e4d000 	/System/Library/Extensions/AppleIntelBDWGraphicsMTLDriver.bundle/Contents/MacOS/AppleIntelBDWGraphicsMTLDriver
0x000000002ccc7000 	/System/Library/PrivateFrameworks/ViewBridge.framework/Versions/A/ViewBridge
0x000000002ccc7000 	/System/Library/PrivateFrameworks/XPCService.framework/Versions/A/XPCService
0x000000002ccc7000 	/System/Library/PrivateFrameworks/AppSandbox.framework/Versions/A/AppSandbox
0x000000002ccc7000 	/usr/lib/libsandbox.1.dylib
0x000000002ccc7000 	/usr/lib/libMatch.1.dylib
0x00000001100b5000 	/Users/eveler/git/TGD_Projet1/natives/libjinput-osx.dylib
0x000000012411f000 	/System/Library/Extensions/IOHIDFamily.kext/Contents/PlugIns/IOHIDLib.plugin/Contents/MacOS/IOHIDLib
0x0000000124164000 	/Library/Java/JavaVirtualMachines/jdk1.8.0_91.jdk/Contents/Home/jre/lib/libnio.dylib
0x0000000124174000 	/Library/Java/JavaVirtualMachines/jdk1.8.0_91.jdk/Contents/Home/jre/lib/./libnet.dylib
0x0000000124f31000 	/Library/Java/JavaVirtualMachines/jdk1.8.0_91.jdk/Contents/Home/jre/lib/libt2k.dylib
0x000000002ccc7000 	/System/Library/Frameworks/ApplicationServices.framework/Versions/A/Frameworks/ATS.framework/Versions/A/Resources/libType1Scaler.dylib

VM Arguments:
jvm_args: -Djava.library.path=/Users/eveler/git/TGD_Projet1/natives -Dfile.encoding=UTF-8 
java_command: fr.game.Game /Users/eveler/Documents/workspace/ArchivesTar/Sample/sample.tar
java_class_path (initial): /Users/eveler/git/TGD_Projet1/out/production/ouep:/Users/eveler/git/TGD_Projet1/lib/ibxm.jar:/Users/eveler/git/TGD_Projet1/lib/jinput.jar:/Users/eveler/git/TGD_Projet1/lib/jnlp.jar:/Users/eveler/git/TGD_Projet1/lib/jogg-0.0.7.jar:/Users/eveler/git/TGD_Projet1/lib/jorbis-0.0.15.jar:/Users/eveler/git/TGD_Projet1/lib/lwjgl_util_applet.jar:/Users/eveler/git/TGD_Projet1/lib/lwjgl_util.jar:/Users/eveler/git/TGD_Projet1/lib/lwjgl.jar:/Users/eveler/git/TGD_Projet1/lib/natives-linux.jar:/Users/eveler/git/TGD_Projet1/lib/natives-mac.jar:/Users/eveler/git/TGD_Projet1/lib/natives-windows.jar:/Users/eveler/git/TGD_Projet1/lib/slick-examples.jar:/Users/eveler/git/TGD_Projet1/lib/slick.jar:/Users/eveler/git/TGD_Projet1/lib/tinylinepp.jar:/Users/eveler/git/TGD_Projet1/lib/sqlite-jdbc-3.15.1.jar
Launcher Type: SUN_STANDARD

Environment Variables:
PATH=/usr/bin:/bin:/usr/sbin:/sbin
SHELL=/bin/bash
DISPLAY=/private/tmp/com.apple.launchd.IHENWWnCsq/org.macosforge.xquartz:0

Signal Handlers:
SIGSEGV: [libjvm.dylib+0x5a97a1], sa_mask[0]=11111111011111110111111111111111, sa_flags=SA_ONSTACK|SA_RESTART|SA_SIGINFO
SIGBUS: [libjvm.dylib+0x5a97a1], sa_mask[0]=11111111011111110111111111111111, sa_flags=SA_RESTART|SA_SIGINFO
SIGFPE: [libjvm.dylib+0x482594], sa_mask[0]=11111111011111110111111111111111, sa_flags=SA_RESTART|SA_SIGINFO
SIGPIPE: [libjvm.dylib+0x482594], sa_mask[0]=11111111011111110111111111111111, sa_flags=SA_RESTART|SA_SIGINFO
SIGXFSZ: [libjvm.dylib+0x482594], sa_mask[0]=11111111011111110111111111111111, sa_flags=SA_RESTART|SA_SIGINFO
SIGILL: [libjvm.dylib+0x482594], sa_mask[0]=11111111011111110111111111111111, sa_flags=SA_RESTART|SA_SIGINFO
SIGUSR1: SIG_DFL, sa_mask[0]=00000000000000000000000000000000, sa_flags=none
SIGUSR2: [libjvm.dylib+0x4820b2], sa_mask[0]=00100000000000000000000000000000, sa_flags=SA_RESTART|SA_SIGINFO
SIGHUP: [libjvm.dylib+0x480689], sa_mask[0]=11111111011111110111111111111111, sa_flags=SA_RESTART|SA_SIGINFO
SIGINT: [libjvm.dylib+0x480689], sa_mask[0]=11111111011111110111111111111111, sa_flags=SA_RESTART|SA_SIGINFO
SIGTERM: [libjvm.dylib+0x480689], sa_mask[0]=11111111011111110111111111111111, sa_flags=SA_RESTART|SA_SIGINFO
SIGQUIT: [libjvm.dylib+0x480689], sa_mask[0]=11111111011111110111111111111111, sa_flags=SA_RESTART|SA_SIGINFO


---------------  S Y S T E M  ---------------

OS:Bsduname:Darwin 16.1.0 Darwin Kernel Version 16.1.0: Thu Oct 13 21:26:57 PDT 2016; root:xnu-3789.21.3~60/RELEASE_X86_64 x86_64
rlimit: STACK 8192k, CORE 0k, NPROC 709, NOFILE 10240, AS infinity
load average:2.60 3.03 2.98

CPU:total 4 (2 cores per cpu, 2 threads per core) family 6 model 61 stepping 4, cmov, cx8, fxsr, mmx, sse, sse2, sse3, ssse3, sse4.1, sse4.2, popcnt, avx, avx2, aes, clmul, erms, 3dnowpref, lzcnt, ht, tsc, tscinvbit, bmi1, bmi2, adx

Memory: 4k page, physical 8388608k(42748k free)

/proc/meminfo:


vm_info: Java HotSpot(TM) 64-Bit Server VM (25.91-b14) for bsd-amd64 JRE (1.8.0_91-b14), built on Apr  1 2016 01:03:00 by "java_re" with gcc 4.2.1 (Based on Apple Inc. build 5658) (LLVM build 2336.11.00)

time: Wed Feb  8 01:11:24 2017
elapsed time: 34 seconds (0d 0h 0m 34s)

