#
# A fatal error has been detected by the Java Runtime Environment:
#
#  SIGSEGV (0xb) at pc=0x00007fff9aa05b5d, pid=798, tid=775
#
# JRE version: Java(TM) SE Runtime Environment (8.0_91-b14) (build 1.8.0_91-b14)
# Java VM: Java HotSpot(TM) 64-Bit Server VM (25.91-b14 mixed mode bsd-amd64 compressed oops)
# Problematic frame:
# C  [libobjc.A.dylib+0x6b5d]  objc_msgSend+0x1d
#
# Failed to write core dump. Core dumps have been disabled. To enable core dumping, try "ulimit -c unlimited" before starting Java again
#
# If you would like to submit a bug report, please visit:
#   http://bugreport.java.com/bugreport/crash.jsp
# The crash happened outside the Java Virtual Machine in native code.
# See problematic frame for where to report the bug.
#

---------------  T H R E A D  ---------------

Current thread (0x00007fc9f3910000):  JavaThread "AppKit Thread" daemon [_thread_in_native, id=775, stack(0x00007fff5ad04000,0x00007fff5b504000)]

siginfo: si_signo: 11 (SIGSEGV), si_code: 1 (SEGV_MAPERR), si_addr: 0x000007fc9f355070

Registers:
RAX=0x00007fc9f80b4ae0, RBX=0x00007fc9f3554ac0, RCX=0x00007fc9f3550370, RDX=0x00007fc9f80b4ae0
RSP=0x00007fff5b4fef18, RBP=0x00007fff5b4fef20, RSI=0x00007fff84a4e66d, RDI=0x00007fc9f3550370
R8 =0x00000000000001ff, R9 =0x00007fc9f356dd50, R10=0x000007fc9f355058, R11=0x00007fff84a4e66d
R12=0x0000000000000000, R13=0x00007fc9f356dd50, R14=0x00007fc9f80b4ae0, R15=0x0000000000000000
RIP=0x00007fff9aa05b5d, EFLAGS=0x0000000000010202, ERR=0x0000000000000004
  TRAPNO=0x000000000000000e

Top of Stack: (sp=0x00007fff5b4fef18)
0x00007fff5b4fef18:   00007fff8623d59c 00007fff5b4fef90
0x00007fff5b4fef28:   00007fff8623d49b 0000000000000000
0x00007fff5b4fef38:   00007fffa3ff1060 00000000c2000000
0x00007fff5b4fef48:   00007fff8623d4f0 00007fffa09d3680
0x00007fff5b4fef58:   00007fc9f356dd50 00007fc9f80b4ae0
0x00007fff5b4fef68:   00007fff5b4ff758 00007fff9aa05b40
0x00007fff5b4fef78:   00007fff5b4ff060 00007fc9f356dd50
0x00007fff5b4fef88:   00007fff849ed631 00007fff5b4fefd0
0x00007fff5b4fef98:   00007fff8623d202 00007fff5b4ff5a0
0x00007fff5b4fefa8:   0000000000000001 00007fff9aa05b40
0x00007fff5b4fefb8:   00007fff5b4ff060 00007fff5b4ff758
0x00007fff5b4fefc8:   00007fff849ed631 00007fff5b4ff6f0
0x00007fff5b4fefd8:   00007fff861fa903 000000010471ce00
0x00007fff5b4fefe8:   0000000000000004 0000000104718000
0x00007fff5b4feff8:   00007fc9f3700000 00007fc9f36146f0
0x00007fff5b4ff008:   00007fffa09d4cb0 0000000000000000
0x00007fff5b4ff018:   00007fc9f49180d0 00007fc9f3614701
0x00007fff5b4ff028:   00007fc9f354fbb0 00007fffa0b06f70
0x00007fff5b4ff038:   0000000000000000 0000000000000000
0x00007fff5b4ff048:   0000000000000000 00007fc9f3447070
0x00007fff5b4ff058:   00007fffa0a138a0 00007fff5b4ff5a0
0x00007fff5b4ff068:   0000000000000002 0000000000000100
0x00007fff5b4ff078:   00007fff9aa08000 00007fff5b4ff4a0
0x00007fff5b4ff088:   0000000000000000 0000000000000100
0x00007fff5b4ff098:   00007fff8623de00 ffff80360c88e0c0
0x00007fff5b4ff0a8:   00007fc9f3771f40 00007fffa0b044c8
0x00007fff5b4ff0b8:   00007fc9f3771f40 00007fff5b4ff0f0
0x00007fff5b4ff0c8:   00007fff8623de98 ffff80360c88e0c0
0x00007fff5b4ff0d8:   00007fc9f3771f40 00007fffa0b04748
0x00007fff5b4ff0e8:   00007fc9f3771f40 00007fff5b4ff120
0x00007fff5b4ff0f8:   00007fff8623df7b 0000000000000b80
0x00007fff5b4ff108:   ffff80360c9ad830 00007fc9f36527d0 

Instructions: (pc=0x00007fff9aa05b5d)
0x00007fff9aa05b3d:   0f 1f 00 48 85 ff 2e 74 62 40 f6 c7 01 2e 75 66
0x00007fff9aa05b4d:   49 ba f8 ff ff ff ff 7f 00 00 4c 23 17 49 89 f3
0x00007fff9aa05b5d:   45 23 5a 18 49 c1 e3 04 4d 03 5a 10 49 3b 33 75
0x00007fff9aa05b6d:   04 41 ff 63 08 49 83 3b 01 76 0d 49 83 c3 10 49 

Register to memory mapping:

RAX=0x00007fc9f80b4ae0 is an unknown value
RBX=0x00007fc9f3554ac0 is an unknown value
RCX=0x00007fc9f3550370 is an unknown value
RDX=0x00007fc9f80b4ae0 is an unknown value
RSP=0x00007fff5b4fef18 is pointing into the stack for thread: 0x00007fc9f3910000
RBP=0x00007fff5b4fef20 is pointing into the stack for thread: 0x00007fc9f3910000
RSI=0x00007fff84a4e66d: __NSStyleNameIndexTable+0xce881 in /System/Library/Frameworks/AppKit.framework/Versions/C/AppKit at 0x00007fff83e68000
RDI=0x00007fc9f3550370 is an unknown value
R8 =0x00000000000001ff is an unknown value
R9 =0x00007fc9f356dd50 is an unknown value
R10=0x000007fc9f355058 is an unknown value
R11=0x00007fff84a4e66d: __NSStyleNameIndexTable+0xce881 in /System/Library/Frameworks/AppKit.framework/Versions/C/AppKit at 0x00007fff83e68000
R12=0x0000000000000000 is an unknown value
R13=0x00007fc9f356dd50 is an unknown value
R14=0x00007fc9f80b4ae0 is an unknown value
R15=0x0000000000000000 is an unknown value


Stack: [0x00007fff5ad04000,0x00007fff5b504000],  sp=0x00007fff5b4fef18,  free space=8171k
Native frames: (J=compiled Java code, j=interpreted, Vv=VM code, C=native code)
C  [libobjc.A.dylib+0x6b5d]  objc_msgSend+0x1d
C  [CoreFoundation+0x9d49b]  _CFXRegistrationPost+0x1ab
C  [CoreFoundation+0x9d202]  ___CFXNotificationPost_block_invoke+0x32
C  [CoreFoundation+0x5a903]  -[_CFXNotificationRegistrar find:object:observer:enumerator:]+0x723
C  [CoreFoundation+0x5993c]  _CFXNotificationPost+0x25c
C  [Foundation+0x70e3]  -[NSNotificationCenter postNotificationName:object:userInfo:]+0x42
C  [AppKit+0x24e7b2]  -[NSSurface _disposeSurface]+0x98
C  [AppKit+0x24e361]  -[NSSurface setWindow:]+0x35
C  [AppKit+0x28b98]  -[NSView _setWindow:]+0xa0f
C  [AppKit+0x2b7c4]  -[NSView removeFromSuperview]+0x1d1
C  [AppKit+0x14c661]  -[NSView removeFromSuperviewWithoutNeedingDisplay]+0x26
C  [liblwjgl.dylib+0xa205]  +[MacOSXKeyableWindow destroyWindow]+0xb5
C  [Foundation+0x71f2a]  __NSThreadPerformPerform+0x146
C  [CoreFoundation+0xa74b1]  __CFRUNLOOP_IS_CALLING_OUT_TO_A_SOURCE0_PERFORM_FUNCTION__+0x11
C  [CoreFoundation+0x8861d]  __CFRunLoopDoSources0+0x22d
C  [CoreFoundation+0x87b16]  __CFRunLoopRun+0x3a6
C  [CoreFoundation+0x87514]  CFRunLoopRunSpecific+0x1a4
C  [HIToolbox+0x30fbc]  RunCurrentEventLoopInMode+0xf0
C  [HIToolbox+0x30df1]  ReceiveNextEventCommon+0x1b0
C  [HIToolbox+0x30c26]  _BlockUntilNextEventMatchingListInModeWithFilter+0x47
C  [AppKit+0x46b79]  _DPSNextEvent+0x445
C  [AppKit+0x75c1c3]  -[NSApplication(NSEvent) _nextEventMatchingEventMask:untilDate:inMode:dequeue:]+0x665
C  [libosxapp.dylib+0x23aa]  -[NSApplicationAWT nextEventMatchingMask:untilDate:inMode:dequeue:]+0x7c
C  [AppKit+0x3b53d]  -[NSApplication run]+0x39e
C  [libosxapp.dylib+0x214d]  +[NSApplicationAWT runAWTLoopWithApp:]+0x9c
C  [libawt_lwawt.dylib+0x4455b]  -[AWTStarter starter:]+0x389
C  [Foundation+0x71f2a]  __NSThreadPerformPerform+0x146
C  [CoreFoundation+0xa74b1]  __CFRUNLOOP_IS_CALLING_OUT_TO_A_SOURCE0_PERFORM_FUNCTION__+0x11
C  [CoreFoundation+0x8861d]  __CFRunLoopDoSources0+0x22d
C  [CoreFoundation+0x87b16]  __CFRunLoopRun+0x3a6
C  [CoreFoundation+0x87514]  CFRunLoopRunSpecific+0x1a4
C  [java+0x6463]  CreateExecutionEnvironment+0x367
C  [java+0x21ac]  JLI_Launch+0x7a0
C  [java+0x84c0]  main+0x65
C  [java+0x1a04]  start+0x34
C  0x0000000000000007


---------------  P R O C E S S  ---------------

Java Threads: ( => current thread )
  0x00007fc9f410d000 JavaThread "AWT-Shutdown" [_thread_blocked, id=37411, stack(0x000070000be84000,0x000070000bf84000)]
  0x00007fc9f39c3800 JavaThread "Java2D Queue Flusher" daemon [_thread_blocked, id=65543, stack(0x000070000c190000,0x000070000c290000)]
  0x00007fc9f4a35000 JavaThread "Java2D Disposer" daemon [_thread_blocked, id=60947, stack(0x000070000c08d000,0x000070000c18d000)]
=>0x00007fc9f3910000 JavaThread "AppKit Thread" daemon [_thread_in_native, id=775, stack(0x00007fff5ad04000,0x00007fff5b504000)]
  0x00007fc9f400a000 JavaThread "Service Thread" daemon [_thread_blocked, id=18691, stack(0x000070000bbfb000,0x000070000bcfb000)]
  0x00007fc9f5000000 JavaThread "C1 CompilerThread2" daemon [_thread_blocked, id=18179, stack(0x000070000baf8000,0x000070000bbf8000)]
  0x00007fc9f4009800 JavaThread "C2 CompilerThread1" daemon [_thread_blocked, id=17667, stack(0x000070000b9f5000,0x000070000baf5000)]
  0x00007fc9f3829800 JavaThread "C2 CompilerThread0" daemon [_thread_blocked, id=17155, stack(0x000070000b8f2000,0x000070000b9f2000)]
  0x00007fc9f3824800 JavaThread "Signal Dispatcher" daemon [_thread_blocked, id=16643, stack(0x000070000b7ef000,0x000070000b8ef000)]
  0x00007fc9f402d800 JavaThread "Finalizer" daemon [_thread_blocked, id=12547, stack(0x000070000b6ec000,0x000070000b7ec000)]
  0x00007fc9f4806000 JavaThread "Reference Handler" daemon [_thread_blocked, id=12035, stack(0x000070000b5e9000,0x000070000b6e9000)]
  0x00007fc9f5001800 JavaThread "main" [_thread_in_native, id=7171, stack(0x000070000afd7000,0x000070000b0d7000)]

Other Threads:
  0x00007fc9f4803800 VMThread [stack: 0x000070000b4e6000,0x000070000b5e6000] [id=11523]
  0x00007fc9f5094800 WatcherThread [stack: 0x000070000bcfe000,0x000070000bdfe000] [id=19203]

VM state:not at safepoint (normal execution)

VM Mutex/Monitor currently owned by a thread: None

Heap:
 PSYoungGen      total 71680K, used 61151K [0x0000000795580000, 0x000000079a080000, 0x00000007c0000000)
  eden space 66560K, 84% used [0x0000000795580000,0x0000000798c3e4f8,0x0000000799680000)
  from space 5120K, 99% used [0x0000000799b80000,0x000000079a079898,0x000000079a080000)
  to   space 5120K, 0% used [0x0000000799680000,0x0000000799680000,0x0000000799b80000)
 ParOldGen       total 87552K, used 18457K [0x0000000740000000, 0x0000000745580000, 0x0000000795580000)
  object space 87552K, 21% used [0x0000000740000000,0x0000000741206610,0x0000000745580000)
 Metaspace       used 10278K, capacity 10477K, committed 10752K, reserved 1058816K
  class space    used 1066K, capacity 1153K, committed 1280K, reserved 1048576K

Card table byte_map: [0x00000001063c0000,0x00000001067c1000] byte_map_base: 0x00000001029c0000

Marking Bits: (ParMarkBitMap*) 0x000000010505feb0
 Begin Bits: [0x0000000106a6c000, 0x0000000108a6c000)
 End Bits:   [0x0000000108a6c000, 0x000000010aa6c000)

Polling page: 0x0000000105750000

CodeCache: size=245760Kb used=4650Kb max_used=4650Kb free=241109Kb
 bounds [0x000000010cf5b000, 0x000000010d3eb000, 0x000000011bf5b000]
 total_blobs=1809 nmethods=1279 adapters=444
 compilation: enabled

Compilation events (10 events):
Event: 14.015 Thread 0x00007fc9f5000000 1275       3       org.newdawn.slick.Image::bind (10 bytes)
Event: 14.015 Thread 0x00007fc9f5000000 nmethod 1275 0x000000010d3de310 code [0x000000010d3de480, 0x000000010d3de6a8]
Event: 14.015 Thread 0x00007fc9f5000000 1276       3       org.newdawn.slick.GameContainer::updateFPS (48 bytes)
Event: 14.015 Thread 0x00007fc9f5000000 nmethod 1276 0x000000010d3dd510 code [0x000000010d3dd6e0, 0x000000010d3de010]
Event: 14.176 Thread 0x00007fc9f5000000 1278       3       java.util.concurrent.locks.AbstractOwnableSynchronizer::setExclusiveOwnerThread (6 bytes)
Event: 14.177 Thread 0x00007fc9f5000000 nmethod 1278 0x000000010d3e7550 code [0x000000010d3e76a0, 0x000000010d3e7810]
Event: 14.177 Thread 0x00007fc9f5000000 1277       1       java.util.concurrent.locks.AbstractOwnableSynchronizer::getExclusiveOwnerThread (5 bytes)
Event: 14.177 Thread 0x00007fc9f5000000 nmethod 1277 0x000000010d3e7890 code [0x000000010d3e79e0, 0x000000010d3e7af0]
Event: 14.277 Thread 0x00007fc9f5000000 1279       1       sun.java2d.opengl.OGLRenderQueue::access$000 (5 bytes)
Event: 14.277 Thread 0x00007fc9f5000000 nmethod 1279 0x000000010d3e7b50 code [0x000000010d3e7ca0, 0x000000010d3e7d90]

GC Heap History (8 events):
Event: 1.393 GC heap before
{Heap before GC invocations=1 (full 0):
 PSYoungGen      total 38400K, used 33280K [0x0000000795580000, 0x0000000798000000, 0x00000007c0000000)
  eden space 33280K, 100% used [0x0000000795580000,0x0000000797600000,0x0000000797600000)
  from space 5120K, 0% used [0x0000000797b00000,0x0000000797b00000,0x0000000798000000)
  to   space 5120K, 0% used [0x0000000797600000,0x0000000797600000,0x0000000797b00000)
 ParOldGen       total 87552K, used 0K [0x0000000740000000, 0x0000000745580000, 0x0000000795580000)
  object space 87552K, 0% used [0x0000000740000000,0x0000000740000000,0x0000000745580000)
 Metaspace       used 9610K, capacity 9769K, committed 9856K, reserved 1058816K
  class space    used 1015K, capacity 1089K, committed 1152K, reserved 1048576K
Event: 1.405 GC heap after
Heap after GC invocations=1 (full 0):
 PSYoungGen      total 38400K, used 5112K [0x0000000795580000, 0x0000000798000000, 0x00000007c0000000)
  eden space 33280K, 0% used [0x0000000795580000,0x0000000795580000,0x0000000797600000)
  from space 5120K, 99% used [0x0000000797600000,0x0000000797afe188,0x0000000797b00000)
  to   space 5120K, 0% used [0x0000000797b00000,0x0000000797b00000,0x0000000798000000)
 ParOldGen       total 87552K, used 7481K [0x0000000740000000, 0x0000000745580000, 0x0000000795580000)
  object space 87552K, 8% used [0x0000000740000000,0x000000074074e550,0x0000000745580000)
 Metaspace       used 9610K, capacity 9769K, committed 9856K, reserved 1058816K
  class space    used 1015K, capacity 1089K, committed 1152K, reserved 1048576K
}
Event: 2.776 GC heap before
{Heap before GC invocations=2 (full 0):
 PSYoungGen      total 38400K, used 38392K [0x0000000795580000, 0x0000000798000000, 0x00000007c0000000)
  eden space 33280K, 100% used [0x0000000795580000,0x0000000797600000,0x0000000797600000)
  from space 5120K, 99% used [0x0000000797600000,0x0000000797afe188,0x0000000797b00000)
  to   space 5120K, 0% used [0x0000000797b00000,0x0000000797b00000,0x0000000798000000)
 ParOldGen       total 87552K, used 7481K [0x0000000740000000, 0x0000000745580000, 0x0000000795580000)
  object space 87552K, 8% used [0x0000000740000000,0x000000074074e550,0x0000000745580000)
 Metaspace       used 9842K, capacity 10029K, committed 10112K, reserved 1058816K
  class space    used 1027K, capacity 1089K, committed 1152K, reserved 1048576K
Event: 2.784 GC heap after
Heap after GC invocations=2 (full 0):
 PSYoungGen      total 38400K, used 5110K [0x0000000795580000, 0x0000000798000000, 0x00000007c0000000)
  eden space 33280K, 0% used [0x0000000795580000,0x0000000795580000,0x0000000797600000)
  from space 5120K, 99% used [0x0000000797b00000,0x0000000797ffd888,0x0000000798000000)
  to   space 5120K, 0% used [0x0000000797600000,0x0000000797600000,0x0000000797b00000)
 ParOldGen       total 87552K, used 10117K [0x0000000740000000, 0x0000000745580000, 0x0000000795580000)
  object space 87552K, 11% used [0x0000000740000000,0x00000007409e1580,0x0000000745580000)
 Metaspace       used 9842K, capacity 10029K, committed 10112K, reserved 1058816K
  class space    used 1027K, capacity 1089K, committed 1152K, reserved 1048576K
}
Event: 2.868 GC heap before
{Heap before GC invocations=3 (full 0):
 PSYoungGen      total 38400K, used 38390K [0x0000000795580000, 0x0000000798000000, 0x00000007c0000000)
  eden space 33280K, 100% used [0x0000000795580000,0x0000000797600000,0x0000000797600000)
  from space 5120K, 99% used [0x0000000797b00000,0x0000000797ffd888,0x0000000798000000)
  to   space 5120K, 0% used [0x0000000797600000,0x0000000797600000,0x0000000797b00000)
 ParOldGen       total 87552K, used 10117K [0x0000000740000000, 0x0000000745580000, 0x0000000795580000)
  object space 87552K, 11% used [0x0000000740000000,0x00000007409e1580,0x0000000745580000)
 Metaspace       used 9890K, capacity 10029K, committed 10112K, reserved 1058816K
  class space    used 1031K, capacity 1089K, committed 1152K, reserved 1048576K
Event: 2.872 GC heap after
Heap after GC invocations=3 (full 0):
 PSYoungGen      total 38400K, used 5094K [0x0000000795580000, 0x000000079a080000, 0x00000007c0000000)
  eden space 33280K, 0% used [0x0000000795580000,0x0000000795580000,0x0000000797600000)
  from space 5120K, 99% used [0x0000000797600000,0x0000000797af9898,0x0000000797b00000)
  to   space 5120K, 0% used [0x0000000799b80000,0x0000000799b80000,0x000000079a080000)
 ParOldGen       total 87552K, used 13241K [0x0000000740000000, 0x0000000745580000, 0x0000000795580000)
  object space 87552K, 15% used [0x0000000740000000,0x0000000740cee5c0,0x0000000745580000)
 Metaspace       used 9890K, capacity 10029K, committed 10112K, reserved 1058816K
  class space    used 1031K, capacity 1089K, committed 1152K, reserved 1048576K
}
Event: 2.952 GC heap before
{Heap before GC invocations=4 (full 0):
 PSYoungGen      total 38400K, used 38374K [0x0000000795580000, 0x000000079a080000, 0x00000007c0000000)
  eden space 33280K, 100% used [0x0000000795580000,0x0000000797600000,0x0000000797600000)
  from space 5120K, 99% used [0x0000000797600000,0x0000000797af9898,0x0000000797b00000)
  to   space 5120K, 0% used [0x0000000799b80000,0x0000000799b80000,0x000000079a080000)
 ParOldGen       total 87552K, used 13241K [0x0000000740000000, 0x0000000745580000, 0x0000000795580000)
  object space 87552K, 15% used [0x0000000740000000,0x0000000740cee5c0,0x0000000745580000)
 Metaspace       used 9891K, capacity 10029K, committed 10112K, reserved 1058816K
  class space    used 1031K, capacity 1089K, committed 1152K, reserved 1048576K
Event: 2.958 GC heap after
Heap after GC invocations=4 (full 0):
 PSYoungGen      total 71680K, used 5094K [0x0000000795580000, 0x000000079a080000, 0x00000007c0000000)
  eden space 66560K, 0% used [0x0000000795580000,0x0000000795580000,0x0000000799680000)
  from space 5120K, 99% used [0x0000000799b80000,0x000000079a079898,0x000000079a080000)
  to   space 5120K, 0% used [0x0000000799680000,0x0000000799680000,0x0000000799b80000)
 ParOldGen       total 87552K, used 18457K [0x0000000740000000, 0x0000000745580000, 0x0000000795580000)
  object space 87552K, 21% used [0x0000000740000000,0x0000000741206610,0x0000000745580000)
 Metaspace       used 9891K, capacity 10029K, committed 10112K, reserved 1058816K
  class space    used 1031K, capacity 1089K, committed 1152K, reserved 1048576K
}

Deoptimization events (10 events):
Event: 1.099 Thread 0x00007fc9f5001800 Uncommon trap: reason=class_check action=maybe_recompile pc=0x000000010d1b2334 method=java.util.HashMap.putVal(ILjava/lang/Object;Ljava/lang/Object;ZZ)Ljava/lang/Object; @ 253
Event: 1.099 Thread 0x00007fc9f5001800 Uncommon trap: reason=class_check action=maybe_recompile pc=0x000000010d1b2334 method=java.util.HashMap.putVal(ILjava/lang/Object;Ljava/lang/Object;ZZ)Ljava/lang/Object; @ 253
Event: 1.099 Thread 0x00007fc9f5001800 Uncommon trap: reason=class_check action=maybe_recompile pc=0x000000010d19e88c method=java.util.HashMap.putVal(ILjava/lang/Object;Ljava/lang/Object;ZZ)Ljava/lang/Object; @ 253
Event: 1.293 Thread 0x00007fc9f5001800 Uncommon trap: reason=unstable_if action=reinterpret pc=0x000000010d220870 method=sun.java2d.loops.GraphicsPrimitiveMgr.locate(Lsun/java2d/loops/GraphicsPrimitiveMgr$PrimitiveSpec;)Lsun/java2d/loops/GraphicsPrimitive; @ 85
Event: 2.699 Thread 0x00007fc9f5001800 Uncommon trap: reason=bimorphic action=maybe_recompile pc=0x000000010d1e79d0 method=java.util.HashMap.putVal(ILjava/lang/Object;Ljava/lang/Object;ZZ)Ljava/lang/Object; @ 91
Event: 2.699 Thread 0x00007fc9f5001800 Uncommon trap: reason=bimorphic action=maybe_recompile pc=0x000000010d1e79d0 method=java.util.HashMap.putVal(ILjava/lang/Object;Ljava/lang/Object;ZZ)Ljava/lang/Object; @ 91
Event: 2.700 Thread 0x00007fc9f5001800 Uncommon trap: reason=bimorphic action=maybe_recompile pc=0x000000010d1e79d0 method=java.util.HashMap.putVal(ILjava/lang/Object;Ljava/lang/Object;ZZ)Ljava/lang/Object; @ 91
Event: 2.700 Thread 0x00007fc9f5001800 Uncommon trap: reason=bimorphic action=maybe_recompile pc=0x000000010d1e79d0 method=java.util.HashMap.putVal(ILjava/lang/Object;Ljava/lang/Object;ZZ)Ljava/lang/Object; @ 91
Event: 6.823 Thread 0x00007fc9f5001800 Uncommon trap: reason=unstable_if action=reinterpret pc=0x000000010d196500 method=java.lang.String.<init>([CII)V @ 18
Event: 6.839 Thread 0x00007fc9f5001800 Uncommon trap: reason=unstable_if action=reinterpret pc=0x000000010d189ed8 method=java.lang.String.<init>([CII)V @ 18

Internal exceptions (10 events):
Event: 0.047 Thread 0x00007fc9f5001800 Exception <a 'java/lang/NoSuchMethodError': Method sun.misc.Unsafe.defineClass(Ljava/lang/String;[BII)Ljava/lang/Class; name or signature does not match> (0x0000000795587cc0) thrown at [/Users/java_re/workspace/8-2-build-macosx-x86_64/jdk8u91/6644/hotspot
Event: 0.047 Thread 0x00007fc9f5001800 Exception <a 'java/lang/NoSuchMethodError': Method sun.misc.Unsafe.prefetchRead(Ljava/lang/Object;J)V name or signature does not match> (0x0000000795587fa8) thrown at [/Users/java_re/workspace/8-2-build-macosx-x86_64/jdk8u91/6644/hotspot/src/share/vm/prim
Event: 0.183 Thread 0x00007fc9f5001800 Exception <a 'java/security/PrivilegedActionException'> (0x00000007957cd3a8) thrown at [/Users/java_re/workspace/8-2-build-macosx-x86_64/jdk8u91/6644/hotspot/src/share/vm/prims/jvm.cpp, line 1386]
Event: 0.183 Thread 0x00007fc9f5001800 Exception <a 'java/security/PrivilegedActionException'> (0x00000007957cd5b8) thrown at [/Users/java_re/workspace/8-2-build-macosx-x86_64/jdk8u91/6644/hotspot/src/share/vm/prims/jvm.cpp, line 1386]
Event: 0.183 Thread 0x00007fc9f5001800 Exception <a 'java/security/PrivilegedActionException'> (0x00000007957d1dd0) thrown at [/Users/java_re/workspace/8-2-build-macosx-x86_64/jdk8u91/6644/hotspot/src/share/vm/prims/jvm.cpp, line 1386]
Event: 0.183 Thread 0x00007fc9f5001800 Exception <a 'java/security/PrivilegedActionException'> (0x00000007957d1fe0) thrown at [/Users/java_re/workspace/8-2-build-macosx-x86_64/jdk8u91/6644/hotspot/src/share/vm/prims/jvm.cpp, line 1386]
Event: 0.236 Thread 0x00007fc9f5001800 Exception <a 'java/lang/NoSuchFieldError': method resolution failed> (0x00000007958a0e18) thrown at [/Users/java_re/workspace/8-2-build-macosx-x86_64/jdk8u91/6644/hotspot/src/share/vm/prims/methodHandles.cpp, line 1146]
Event: 0.242 Thread 0x00007fc9f5001800 Exception <a 'java/lang/NoSuchFieldError': method resolution failed> (0x00000007958ae840) thrown at [/Users/java_re/workspace/8-2-build-macosx-x86_64/jdk8u91/6644/hotspot/src/share/vm/prims/methodHandles.cpp, line 1146]
Event: 0.471 Thread 0x00007fc9f5001800 Exception <a 'java/io/FileNotFoundException'> (0x0000000795929780) thrown at [/Users/java_re/workspace/8-2-build-macosx-x86_64/jdk8u91/6644/hotspot/src/share/vm/prims/jni.cpp, line 709]
Event: 0.471 Thread 0x00007fc9f5001800 Exception <a 'java/io/FileNotFoundException'> (0x000000079592a2b0) thrown at [/Users/java_re/workspace/8-2-build-macosx-x86_64/jdk8u91/6644/hotspot/src/share/vm/prims/jni.cpp, line 709]

Events (10 events):
Event: 7.955 Executing VM operation: RevokeBias
Event: 7.955 Executing VM operation: RevokeBias done
Event: 7.955 Thread 0x00007fc9f4043800 Thread exited: 0x00007fc9f4043800
Event: 9.731 Thread 0x00007fc9f489a800 Thread added: 0x00007fc9f489a800
Event: 11.501 Executing VM operation: RevokeBias
Event: 11.501 Executing VM operation: RevokeBias done
Event: 11.501 Thread 0x00007fc9f489a800 Thread exited: 0x00007fc9f489a800
Event: 14.276 Thread 0x00007fc9f410d000 Thread added: 0x00007fc9f410d000
Event: 14.566 loading class org/lwjgl/opengl/CallbackUtil
Event: 14.566 loading class org/lwjgl/opengl/CallbackUtil done


Dynamic libraries:
0x0000000011012000 	/System/Library/Frameworks/Cocoa.framework/Versions/A/Cocoa
0x0000000011012000 	/System/Library/Frameworks/Security.framework/Versions/A/Security
0x0000000011012000 	/System/Library/Frameworks/ApplicationServices.framework/Versions/A/ApplicationServices
0x0000000011012000 	/usr/lib/libz.1.dylib
0x0000000011012000 	/usr/lib/libSystem.B.dylib
0x0000000011012000 	/usr/lib/libobjc.A.dylib
0x0000000011012000 	/System/Library/Frameworks/CoreFoundation.framework/Versions/A/CoreFoundation
0x0000000011012000 	/System/Library/Frameworks/Foundation.framework/Versions/C/Foundation
0x0000000011012000 	/System/Library/Frameworks/AppKit.framework/Versions/C/AppKit
0x0000000011012000 	/System/Library/Frameworks/CoreData.framework/Versions/A/CoreData
0x0000000011012000 	/System/Library/PrivateFrameworks/RemoteViewServices.framework/Versions/A/RemoteViewServices
0x0000000011012000 	/System/Library/PrivateFrameworks/UIFoundation.framework/Versions/A/UIFoundation
0x0000000011012000 	/usr/lib/libenergytrace.dylib
0x0000000011012000 	/System/Library/PrivateFrameworks/SkyLight.framework/Versions/A/SkyLight
0x0000000011012000 	/System/Library/Frameworks/CoreGraphics.framework/Versions/A/CoreGraphics
0x0000000011012000 	/usr/lib/libScreenReader.dylib
0x0000000011012000 	/System/Library/Frameworks/Accelerate.framework/Versions/A/Accelerate
0x0000000011012000 	/System/Library/Frameworks/IOSurface.framework/Versions/A/IOSurface
0x0000000011012000 	/System/Library/Frameworks/AudioToolbox.framework/Versions/A/AudioToolbox
0x0000000011012000 	/System/Library/Frameworks/AudioUnit.framework/Versions/A/AudioUnit
0x0000000011012000 	/System/Library/PrivateFrameworks/DataDetectorsCore.framework/Versions/A/DataDetectorsCore
0x0000000011012000 	/System/Library/PrivateFrameworks/DesktopServicesPriv.framework/Versions/A/DesktopServicesPriv
0x0000000011012000 	/System/Library/Frameworks/Carbon.framework/Versions/A/Frameworks/HIToolbox.framework/Versions/A/HIToolbox
0x0000000011012000 	/usr/lib/libicucore.A.dylib
0x0000000011012000 	/System/Library/Frameworks/QuartzCore.framework/Versions/A/QuartzCore
0x0000000011012000 	/System/Library/Frameworks/Carbon.framework/Versions/A/Frameworks/SpeechRecognition.framework/Versions/A/SpeechRecognition
0x0000000011012000 	/usr/lib/libauto.dylib
0x0000000011012000 	/usr/lib/libxml2.2.dylib
0x0000000011012000 	/System/Library/PrivateFrameworks/CoreUI.framework/Versions/A/CoreUI
0x0000000011012000 	/System/Library/Frameworks/CoreAudio.framework/Versions/A/CoreAudio
0x0000000011012000 	/System/Library/Frameworks/DiskArbitration.framework/Versions/A/DiskArbitration
0x0000000011012000 	/usr/lib/liblangid.dylib
0x0000000011012000 	/System/Library/PrivateFrameworks/MultitouchSupport.framework/Versions/A/MultitouchSupport
0x0000000011012000 	/System/Library/Frameworks/IOKit.framework/Versions/A/IOKit
0x0000000011012000 	/usr/lib/libDiagnosticMessagesClient.dylib
0x0000000011012000 	/System/Library/Frameworks/CoreServices.framework/Versions/A/CoreServices
0x0000000011012000 	/System/Library/PrivateFrameworks/PerformanceAnalysis.framework/Versions/A/PerformanceAnalysis
0x0000000011012000 	/System/Library/PrivateFrameworks/GenerationalStorage.framework/Versions/A/GenerationalStorage
0x0000000011012000 	/System/Library/Frameworks/OpenGL.framework/Versions/A/OpenGL
0x0000000011012000 	/System/Library/Frameworks/CoreImage.framework/Versions/A/CoreImage
0x0000000011012000 	/System/Library/Frameworks/CoreText.framework/Versions/A/CoreText
0x0000000011012000 	/System/Library/Frameworks/ImageIO.framework/Versions/A/ImageIO
0x0000000011012000 	/System/Library/PrivateFrameworks/Backup.framework/Versions/A/Backup
0x0000000011012000 	/usr/lib/libarchive.2.dylib
0x0000000011012000 	/System/Library/Frameworks/CFNetwork.framework/Versions/A/CFNetwork
0x0000000011012000 	/System/Library/Frameworks/SystemConfiguration.framework/Versions/A/SystemConfiguration
0x0000000011012000 	/usr/lib/libCRFSuite.dylib
0x0000000011012000 	/usr/lib/libc++.1.dylib
0x0000000011012000 	/usr/lib/libc++abi.dylib
0x0000000011012000 	/usr/lib/system/libcache.dylib
0x0000000011012000 	/usr/lib/system/libcommonCrypto.dylib
0x0000000011012000 	/usr/lib/system/libcompiler_rt.dylib
0x0000000011012000 	/usr/lib/system/libcopyfile.dylib
0x0000000011012000 	/usr/lib/system/libcorecrypto.dylib
0x0000000011012000 	/usr/lib/system/libdispatch.dylib
0x0000000011012000 	/usr/lib/system/libdyld.dylib
0x0000000011012000 	/usr/lib/system/libkeymgr.dylib
0x0000000011012000 	/usr/lib/system/liblaunch.dylib
0x0000000011012000 	/usr/lib/system/libmacho.dylib
0x0000000011012000 	/usr/lib/system/libquarantine.dylib
0x0000000011012000 	/usr/lib/system/libremovefile.dylib
0x0000000011012000 	/usr/lib/system/libsystem_asl.dylib
0x0000000011012000 	/usr/lib/system/libsystem_blocks.dylib
0x0000000011012000 	/usr/lib/system/libsystem_c.dylib
0x0000000011012000 	/usr/lib/system/libsystem_configuration.dylib
0x0000000011012000 	/usr/lib/system/libsystem_coreservices.dylib
0x0000000011012000 	/usr/lib/system/libsystem_coretls.dylib
0x0000000011012000 	/usr/lib/system/libsystem_dnssd.dylib
0x0000000011012000 	/usr/lib/system/libsystem_info.dylib
0x0000000011012000 	/usr/lib/system/libsystem_kernel.dylib
0x0000000011012000 	/usr/lib/system/libsystem_m.dylib
0x0000000011012000 	/usr/lib/system/libsystem_malloc.dylib
0x0000000011012000 	/usr/lib/system/libsystem_network.dylib
0x0000000011012000 	/usr/lib/system/libsystem_networkextension.dylib
0x0000000011012000 	/usr/lib/system/libsystem_notify.dylib
0x0000000011012000 	/usr/lib/system/libsystem_platform.dylib
0x0000000011012000 	/usr/lib/system/libsystem_pthread.dylib
0x0000000011012000 	/usr/lib/system/libsystem_sandbox.dylib
0x0000000011012000 	/usr/lib/system/libsystem_secinit.dylib
0x0000000011012000 	/usr/lib/system/libsystem_symptoms.dylib
0x0000000011012000 	/usr/lib/system/libsystem_trace.dylib
0x0000000011012000 	/usr/lib/system/libunwind.dylib
0x0000000011012000 	/usr/lib/system/libxpc.dylib
0x0000000011012000 	/usr/lib/libbsm.0.dylib
0x0000000011012000 	/usr/lib/system/libkxld.dylib
0x0000000011012000 	/usr/lib/libcoretls.dylib
0x0000000011012000 	/usr/lib/libcoretls_cfhelpers.dylib
0x0000000011012000 	/usr/lib/libxar.1.dylib
0x0000000011012000 	/usr/lib/libsqlite3.dylib
0x0000000011012000 	/usr/lib/libpam.2.dylib
0x0000000011012000 	/usr/lib/libOpenScriptingUtil.dylib
0x0000000011012000 	/usr/lib/libbz2.1.0.dylib
0x0000000011012000 	/usr/lib/liblzma.5.dylib
0x0000000011012000 	/usr/lib/libnetwork.dylib
0x0000000011012000 	/usr/lib/libpcap.A.dylib
0x0000000011012000 	/System/Library/Frameworks/CoreServices.framework/Versions/A/Frameworks/FSEvents.framework/Versions/A/FSEvents
0x0000000011012000 	/System/Library/Frameworks/CoreServices.framework/Versions/A/Frameworks/CarbonCore.framework/Versions/A/CarbonCore
0x0000000011012000 	/System/Library/Frameworks/CoreServices.framework/Versions/A/Frameworks/Metadata.framework/Versions/A/Metadata
0x0000000011012000 	/System/Library/Frameworks/CoreServices.framework/Versions/A/Frameworks/OSServices.framework/Versions/A/OSServices
0x0000000011012000 	/System/Library/Frameworks/CoreServices.framework/Versions/A/Frameworks/SearchKit.framework/Versions/A/SearchKit
0x0000000011012000 	/System/Library/Frameworks/CoreServices.framework/Versions/A/Frameworks/AE.framework/Versions/A/AE
0x0000000011012000 	/System/Library/Frameworks/CoreServices.framework/Versions/A/Frameworks/LaunchServices.framework/Versions/A/LaunchServices
0x0000000011012000 	/System/Library/Frameworks/CoreServices.framework/Versions/A/Frameworks/DictionaryServices.framework/Versions/A/DictionaryServices
0x0000000011012000 	/System/Library/Frameworks/CoreServices.framework/Versions/A/Frameworks/SharedFileList.framework/Versions/A/SharedFileList
0x0000000011012000 	/System/Library/Frameworks/NetFS.framework/Versions/A/NetFS
0x0000000011012000 	/System/Library/PrivateFrameworks/NetAuth.framework/Versions/A/NetAuth
0x0000000011012000 	/System/Library/PrivateFrameworks/login.framework/Versions/A/Frameworks/loginsupport.framework/Versions/A/loginsupport
0x0000000011012000 	/System/Library/PrivateFrameworks/TCC.framework/Versions/A/TCC
0x0000000011012000 	/usr/lib/libmecabra.dylib
0x0000000011012000 	/System/Library/Frameworks/ApplicationServices.framework/Versions/A/Frameworks/ATS.framework/Versions/A/ATS
0x0000000011012000 	/System/Library/Frameworks/ApplicationServices.framework/Versions/A/Frameworks/ColorSync.framework/Versions/A/ColorSync
0x0000000011012000 	/System/Library/Frameworks/ApplicationServices.framework/Versions/A/Frameworks/HIServices.framework/Versions/A/HIServices
0x0000000011012000 	/System/Library/Frameworks/ApplicationServices.framework/Versions/A/Frameworks/LangAnalysis.framework/Versions/A/LangAnalysis
0x0000000011012000 	/System/Library/Frameworks/ApplicationServices.framework/Versions/A/Frameworks/PrintCore.framework/Versions/A/PrintCore
0x0000000011012000 	/System/Library/Frameworks/ApplicationServices.framework/Versions/A/Frameworks/QD.framework/Versions/A/QD
0x0000000011012000 	/System/Library/Frameworks/ApplicationServices.framework/Versions/A/Frameworks/SpeechSynthesis.framework/Versions/A/SpeechSynthesis
0x0000000011012000 	/System/Library/Frameworks/Accelerate.framework/Versions/A/Frameworks/vImage.framework/Versions/A/vImage
0x0000000011012000 	/System/Library/Frameworks/Accelerate.framework/Versions/A/Frameworks/vecLib.framework/Versions/A/vecLib
0x0000000011012000 	/System/Library/Frameworks/Accelerate.framework/Versions/A/Frameworks/vecLib.framework/Versions/A/libvDSP.dylib
0x0000000011012000 	/System/Library/Frameworks/Accelerate.framework/Versions/A/Frameworks/vecLib.framework/Versions/A/libBNNS.dylib
0x0000000011012000 	/System/Library/Frameworks/Accelerate.framework/Versions/A/Frameworks/vecLib.framework/Versions/A/libQuadrature.dylib
0x0000000011012000 	/System/Library/Frameworks/Accelerate.framework/Versions/A/Frameworks/vecLib.framework/Versions/A/libvMisc.dylib
0x0000000011012000 	/System/Library/Frameworks/Accelerate.framework/Versions/A/Frameworks/vecLib.framework/Versions/A/libLAPACK.dylib
0x0000000011012000 	/System/Library/Frameworks/Accelerate.framework/Versions/A/Frameworks/vecLib.framework/Versions/A/libBLAS.dylib
0x0000000011012000 	/System/Library/Frameworks/Accelerate.framework/Versions/A/Frameworks/vecLib.framework/Versions/A/libLinearAlgebra.dylib
0x0000000011012000 	/System/Library/Frameworks/Accelerate.framework/Versions/A/Frameworks/vecLib.framework/Versions/A/libSparseBLAS.dylib
0x0000000011012000 	/System/Library/Frameworks/ApplicationServices.framework/Versions/A/Frameworks/ATS.framework/Versions/A/Resources/libFontParser.dylib
0x0000000011012000 	/System/Library/Frameworks/ApplicationServices.framework/Versions/A/Frameworks/ATS.framework/Versions/A/Resources/libFontRegistry.dylib
0x0000000011012000 	/System/Library/Frameworks/ImageIO.framework/Versions/A/Resources/libJPEG.dylib
0x0000000011012000 	/System/Library/Frameworks/ImageIO.framework/Versions/A/Resources/libTIFF.dylib
0x0000000011012000 	/System/Library/Frameworks/ImageIO.framework/Versions/A/Resources/libPng.dylib
0x0000000011012000 	/System/Library/Frameworks/ImageIO.framework/Versions/A/Resources/libGIF.dylib
0x0000000011012000 	/System/Library/Frameworks/ImageIO.framework/Versions/A/Resources/libJP2.dylib
0x0000000011012000 	/System/Library/Frameworks/ImageIO.framework/Versions/A/Resources/libRadiance.dylib
0x0000000011012000 	/usr/lib/libcompression.dylib
0x0000000011012000 	/System/Library/PrivateFrameworks/AppleJPEG.framework/Versions/A/AppleJPEG
0x0000000011012000 	/usr/lib/libcups.2.dylib
0x0000000011012000 	/System/Library/Frameworks/Kerberos.framework/Versions/A/Kerberos
0x0000000011012000 	/System/Library/Frameworks/GSS.framework/Versions/A/GSS
0x0000000011012000 	/usr/lib/libresolv.9.dylib
0x0000000011012000 	/usr/lib/libiconv.2.dylib
0x0000000011012000 	/System/Library/PrivateFrameworks/Heimdal.framework/Versions/A/Heimdal
0x0000000011012000 	/usr/lib/libheimdal-asn1.dylib
0x0000000011012000 	/System/Library/Frameworks/OpenDirectory.framework/Versions/A/OpenDirectory
0x0000000011012000 	/System/Library/PrivateFrameworks/CommonAuth.framework/Versions/A/CommonAuth
0x0000000011012000 	/System/Library/Frameworks/OpenDirectory.framework/Versions/A/Frameworks/CFOpenDirectory.framework/Versions/A/CFOpenDirectory
0x0000000011012000 	/System/Library/Frameworks/SecurityFoundation.framework/Versions/A/SecurityFoundation
0x0000000011012000 	/System/Library/PrivateFrameworks/LanguageModeling.framework/Versions/A/LanguageModeling
0x0000000011012000 	/usr/lib/libmarisa.dylib
0x0000000011012000 	/usr/lib/libChineseTokenizer.dylib
0x0000000011012000 	/usr/lib/libcmph.dylib
0x0000000011012000 	/System/Library/PrivateFrameworks/CoreEmoji.framework/Versions/A/CoreEmoji
0x0000000011012000 	/System/Library/Frameworks/ServiceManagement.framework/Versions/A/ServiceManagement
0x0000000011012000 	/usr/lib/libxslt.1.dylib
0x0000000011012000 	/System/Library/Frameworks/Carbon.framework/Versions/A/Frameworks/Ink.framework/Versions/A/Ink
0x0000000011012000 	/System/Library/PrivateFrameworks/TextureIO.framework/Versions/A/TextureIO
0x0000000011012000 	/System/Library/Frameworks/Metal.framework/Versions/A/Metal
0x0000000011012000 	/usr/lib/libate.dylib
0x0000000011012000 	/System/Library/PrivateFrameworks/GPUCompiler.framework/libmetal_timestamp.dylib
0x0000000011012000 	/System/Library/Frameworks/OpenGL.framework/Versions/A/Libraries/libCoreFSCache.dylib
0x0000000011012000 	/System/Library/PrivateFrameworks/IOAccelerator.framework/Versions/A/IOAccelerator
0x0000000011012000 	/System/Library/Frameworks/CoreVideo.framework/Versions/A/CoreVideo
0x0000000011012000 	/usr/lib/libFosl_dynamic.dylib
0x0000000011012000 	/System/Library/PrivateFrameworks/MetalPerformanceShaders.framework/Versions/A/MetalPerformanceShaders
0x0000000011012000 	/System/Library/PrivateFrameworks/FaceCore.framework/Versions/A/FaceCore
0x0000000011012000 	/System/Library/Frameworks/OpenCL.framework/Versions/A/OpenCL
0x0000000011012000 	/System/Library/Frameworks/OpenGL.framework/Versions/A/Libraries/libGLU.dylib
0x0000000011012000 	/System/Library/Frameworks/OpenGL.framework/Versions/A/Libraries/libGFXShared.dylib
0x0000000011012000 	/System/Library/Frameworks/OpenGL.framework/Versions/A/Libraries/libGL.dylib
0x0000000011012000 	/System/Library/Frameworks/OpenGL.framework/Versions/A/Libraries/libGLImage.dylib
0x0000000011012000 	/System/Library/Frameworks/OpenGL.framework/Versions/A/Libraries/libCVMSPluginSupport.dylib
0x0000000011012000 	/System/Library/Frameworks/OpenGL.framework/Versions/A/Libraries/libCoreVMClient.dylib
0x0000000011012000 	/System/Library/PrivateFrameworks/CrashReporterSupport.framework/Versions/A/CrashReporterSupport
0x0000000011012000 	/System/Library/PrivateFrameworks/Sharing.framework/Versions/A/Sharing
0x0000000011012000 	/System/Library/PrivateFrameworks/IconServices.framework/Versions/A/IconServices
0x0000000011012000 	/System/Library/PrivateFrameworks/ProtocolBuffer.framework/Versions/A/ProtocolBuffer
0x0000000011012000 	/System/Library/PrivateFrameworks/Apple80211.framework/Versions/A/Apple80211
0x0000000011012000 	/System/Library/Frameworks/CoreWLAN.framework/Versions/A/CoreWLAN
0x0000000011012000 	/System/Library/PrivateFrameworks/CoreUtils.framework/Versions/A/CoreUtils
0x0000000011012000 	/System/Library/Frameworks/IOBluetooth.framework/Versions/A/IOBluetooth
0x0000000011012000 	/System/Library/PrivateFrameworks/CoreWiFi.framework/Versions/A/CoreWiFi
0x0000000011012000 	/System/Library/Frameworks/CoreBluetooth.framework/Versions/A/CoreBluetooth
0x0000000011012000 	/System/Library/Frameworks/CoreDisplay.framework/Versions/A/CoreDisplay
0x0000000011012000 	/System/Library/PrivateFrameworks/IOPresentment.framework/Versions/A/IOPresentment
0x0000000011012000 	/System/Library/PrivateFrameworks/DebugSymbols.framework/Versions/A/DebugSymbols
0x0000000011012000 	/System/Library/PrivateFrameworks/CoreSymbolication.framework/Versions/A/CoreSymbolication
0x0000000011012000 	/System/Library/PrivateFrameworks/Symbolication.framework/Versions/A/Symbolication
0x0000000011012000 	/System/Library/PrivateFrameworks/AppleFSCompression.framework/Versions/A/AppleFSCompression
0x0000000011012000 	/System/Library/PrivateFrameworks/SpeechRecognitionCore.framework/Versions/A/SpeechRecognitionCore
0x0000000011012000 	/System/Library/PrivateFrameworks/ChunkingLibrary.framework/Versions/A/ChunkingLibrary
0x0000000104779000 	/Library/Internet Plug-Ins/JavaAppletPlugin.plugin/Contents/Home/lib/server/libjvm.dylib
0x0000000011012000 	/usr/lib/libstdc++.6.dylib
0x000000010570d000 	/Library/Internet Plug-Ins/JavaAppletPlugin.plugin/Contents/Home/lib/libverify.dylib
0x000000010571b000 	/Library/Internet Plug-Ins/JavaAppletPlugin.plugin/Contents/Home/lib/libjava.dylib
0x000000010575a000 	/Library/Internet Plug-Ins/JavaAppletPlugin.plugin/Contents/Home/lib/libzip.dylib
0x000000010c8d2000 	/System/Library/Frameworks/JavaVM.framework/Frameworks/JavaRuntimeSupport.framework/JavaRuntimeSupport
0x000000010c8ec000 	/System/Library/Frameworks/JavaVM.framework/Versions/A/Frameworks/JavaNativeFoundation.framework/Versions/A/JavaNativeFoundation
0x000000010c901000 	/System/Library/Frameworks/JavaVM.framework/Versions/A/JavaVM
0x0000000011012000 	/System/Library/Frameworks/Carbon.framework/Versions/A/Carbon
0x00000001057f4000 	/System/Library/PrivateFrameworks/JavaLaunching.framework/Versions/A/JavaLaunching
0x0000000011012000 	/System/Library/Frameworks/Carbon.framework/Versions/A/Frameworks/CommonPanels.framework/Versions/A/CommonPanels
0x0000000011012000 	/System/Library/Frameworks/Carbon.framework/Versions/A/Frameworks/Help.framework/Versions/A/Help
0x0000000011012000 	/System/Library/Frameworks/Carbon.framework/Versions/A/Frameworks/ImageCapture.framework/Versions/A/ImageCapture
0x0000000011012000 	/System/Library/Frameworks/Carbon.framework/Versions/A/Frameworks/OpenScripting.framework/Versions/A/OpenScripting
0x0000000011012000 	/System/Library/Frameworks/Carbon.framework/Versions/A/Frameworks/Print.framework/Versions/A/Print
0x0000000011012000 	/System/Library/Frameworks/Carbon.framework/Versions/A/Frameworks/SecurityHI.framework/Versions/A/SecurityHI
0x000000010c985000 	/Library/Internet Plug-Ins/JavaAppletPlugin.plugin/Contents/Home/lib/libawt.dylib
0x000000010ca2d000 	/Library/Internet Plug-Ins/JavaAppletPlugin.plugin/Contents/Home/lib/./libmlib_image.dylib
0x000000010caf9000 	/Library/Internet Plug-Ins/JavaAppletPlugin.plugin/Contents/Home/lib/libawt_lwawt.dylib
0x000000010cbae000 	/Library/Internet Plug-Ins/JavaAppletPlugin.plugin/Contents/Home/lib/./libosxapp.dylib
0x0000000011012000 	/System/Library/Frameworks/ExceptionHandling.framework/Versions/A/ExceptionHandling
0x0000000011012000 	/System/Library/PrivateFrameworks/CoreServicesInternal.framework/Versions/A/CoreServicesInternal
0x0000000011012000 	/System/Library/CoreServices/RawCamera.bundle/Contents/MacOS/RawCamera
0x0000000011012000 	/System/Library/Frameworks/Accelerate.framework/Versions/A/Frameworks/vImage.framework/Versions/A/Libraries/libCGInterfaces.dylib
0x0000000011012000 	/System/Library/Frameworks/ApplicationServices.framework/Versions/A/Frameworks/ATS.framework/Versions/A/Resources/libTrueTypeScaler.dylib
0x0000000011012000 	/System/Library/Frameworks/OpenGL.framework/Versions/A/Resources/GLEngine.bundle/GLEngine
0x0000000011012000 	/System/Library/Frameworks/OpenGL.framework/Versions/A/Libraries/libGLProgrammability.dylib
0x000000011f79d000 	/System/Library/Extensions/AppleIntelBDWGraphicsGLDriver.bundle/Contents/MacOS/AppleIntelBDWGraphicsGLDriver
0x0000000011012000 	/System/Library/PrivateFrameworks/GPUSupport.framework/Versions/A/Libraries/libGPUSupportMercury.dylib
0x0000000011012000 	/System/Library/Frameworks/OpenGL.framework/Versions/A/Resources/GLRendererFloat.bundle/GLRendererFloat
0x0000000011012000 	/System/Library/Frameworks/OpenCL.framework/Versions/A/Libraries/libcldcpuengine.dylib
0x0000000011012000 	/usr/lib/libcrypto.0.9.8.dylib
0x0000000011012000 	/System/Library/PrivateFrameworks/TrustEvaluationAgent.framework/Versions/A/TrustEvaluationAgent
0x000000011ff17000 	/System/Library/Extensions/AppleIntelBDWGraphicsMTLDriver.bundle/Contents/MacOS/AppleIntelBDWGraphicsMTLDriver
0x0000000011012000 	/System/Library/PrivateFrameworks/FamilyControls.framework/Versions/A/FamilyControls
0x0000000011012000 	/System/Library/PrivateFrameworks/CommerceKit.framework/Versions/A/Frameworks/CommerceCore.framework/Versions/A/CommerceCore
0x0000000011012000 	/System/Library/PrivateFrameworks/SystemAdministration.framework/Versions/A/SystemAdministration
0x0000000011012000 	/System/Library/PrivateFrameworks/AppContainer.framework/Versions/A/AppContainer
0x0000000011012000 	/System/Library/PrivateFrameworks/SecCodeWrapper.framework/Versions/A/SecCodeWrapper
0x0000000011012000 	/System/Library/Frameworks/DirectoryService.framework/Versions/A/DirectoryService
0x0000000011012000 	/System/Library/PrivateFrameworks/DiskImages.framework/Versions/A/DiskImages
0x0000000011012000 	/System/Library/PrivateFrameworks/LoginUIKit.framework/Versions/A/Frameworks/LoginUICore.framework/Versions/A/LoginUICore
0x0000000011012000 	/usr/lib/libCoreStorage.dylib
0x0000000011012000 	/usr/lib/libcsfde.dylib
0x0000000011012000 	/usr/lib/libodfde.dylib
0x0000000011012000 	/System/Library/Frameworks/DiscRecording.framework/Versions/A/DiscRecording
0x0000000011012000 	/usr/lib/libcurl.4.dylib
0x0000000011012000 	/System/Library/PrivateFrameworks/MediaKit.framework/Versions/A/MediaKit
0x0000000011012000 	/System/Library/PrivateFrameworks/ProtectedCloudStorage.framework/Versions/A/ProtectedCloudStorage
0x0000000011012000 	/System/Library/PrivateFrameworks/EFILogin.framework/Versions/A/EFILogin
0x0000000011012000 	/usr/lib/libutil.dylib
0x0000000011012000 	/System/Library/Frameworks/LDAP.framework/Versions/A/LDAP
0x0000000011012000 	/usr/lib/libsasl2.2.dylib
0x0000000011012000 	/System/Library/PrivateFrameworks/CoreDaemon.framework/Versions/B/CoreDaemon
0x0000000011012000 	/System/Library/PrivateFrameworks/AppleSRP.framework/Versions/A/AppleSRP
0x0000000011012000 	/System/Library/PrivateFrameworks/APFS.framework/Versions/A/APFS
0x00000001213fa000 	/Library/Internet Plug-Ins/JavaAppletPlugin.plugin/Contents/Home/lib/libfontmanager.dylib
0x0000000121461000 	/Users/eveler/git/TGD_Projet1/natives/liblwjgl.dylib
0x000000010ce40000 	/Library/Internet Plug-Ins/JavaAppletPlugin.plugin/Contents/Home/lib/libjawt.dylib
0x0000000011012000 	/System/Library/PrivateFrameworks/ViewBridge.framework/Versions/A/ViewBridge
0x0000000011012000 	/System/Library/PrivateFrameworks/XPCService.framework/Versions/A/XPCService
0x0000000011012000 	/System/Library/PrivateFrameworks/AppSandbox.framework/Versions/A/AppSandbox
0x0000000011012000 	/usr/lib/libsandbox.1.dylib
0x0000000011012000 	/usr/lib/libMatch.1.dylib
0x00000001200b0000 	/Users/eveler/git/TGD_Projet1/natives/libjinput-osx.dylib
0x0000000123aaf000 	/System/Library/Extensions/IOHIDFamily.kext/Contents/PlugIns/IOHIDLib.plugin/Contents/MacOS/IOHIDLib
0x0000000123adf000 	/Library/Internet Plug-Ins/JavaAppletPlugin.plugin/Contents/Home/lib/libnio.dylib
0x0000000123aef000 	/Library/Internet Plug-Ins/JavaAppletPlugin.plugin/Contents/Home/lib/./libnet.dylib
0x00000001247cb000 	/Library/Internet Plug-Ins/JavaAppletPlugin.plugin/Contents/Home/lib/libt2k.dylib
0x0000000011012000 	/System/Library/Frameworks/ApplicationServices.framework/Versions/A/Frameworks/ATS.framework/Versions/A/Resources/libType1Scaler.dylib

VM Arguments:
jvm_args: -Djava.library.path=/Users/eveler/git/TGD_Projet1/natives -Dfile.encoding=UTF-8 
java_command: fr.game.Game /Users/eveler/Documents/workspace/ArchivesTar/Sample/sample.tar
java_class_path (initial): /Users/eveler/git/TGD_Projet1/out/production/ouep:/Users/eveler/git/TGD_Projet1/lib/ibxm.jar:/Users/eveler/git/TGD_Projet1/lib/jinput.jar:/Users/eveler/git/TGD_Projet1/lib/jnlp.jar:/Users/eveler/git/TGD_Projet1/lib/jogg-0.0.7.jar:/Users/eveler/git/TGD_Projet1/lib/jorbis-0.0.15.jar:/Users/eveler/git/TGD_Projet1/lib/lwjgl_util_applet.jar:/Users/eveler/git/TGD_Projet1/lib/lwjgl_util.jar:/Users/eveler/git/TGD_Projet1/lib/lwjgl.jar:/Users/eveler/git/TGD_Projet1/lib/natives-linux.jar:/Users/eveler/git/TGD_Projet1/lib/natives-mac.jar:/Users/eveler/git/TGD_Projet1/lib/natives-windows.jar:/Users/eveler/git/TGD_Projet1/lib/slick-examples.jar:/Users/eveler/git/TGD_Projet1/lib/slick.jar:/Users/eveler/git/TGD_Projet1/lib/tinylinepp.jar
Launcher Type: SUN_STANDARD

Environment Variables:
PATH=/usr/bin:/bin:/usr/sbin:/sbin
SHELL=/bin/bash

Signal Handlers:
SIGSEGV: [libjvm.dylib+0x5a97a1], sa_mask[0]=11111111011111110111111111111111, sa_flags=SA_ONSTACK|SA_RESTART|SA_SIGINFO
SIGBUS: [libjvm.dylib+0x5a97a1], sa_mask[0]=11111111011111110111111111111111, sa_flags=SA_RESTART|SA_SIGINFO
SIGFPE: [libjvm.dylib+0x482594], sa_mask[0]=11111111011111110111111111111111, sa_flags=SA_RESTART|SA_SIGINFO
SIGPIPE: [libjvm.dylib+0x482594], sa_mask[0]=11111111011111110111111111111111, sa_flags=SA_RESTART|SA_SIGINFO
SIGXFSZ: [libjvm.dylib+0x482594], sa_mask[0]=11111111011111110111111111111111, sa_flags=SA_RESTART|SA_SIGINFO
SIGILL: [libjvm.dylib+0x482594], sa_mask[0]=11111111011111110111111111111111, sa_flags=SA_RESTART|SA_SIGINFO
SIGUSR1: SIG_DFL, sa_mask[0]=00000000000000000000000000000000, sa_flags=none
SIGUSR2: [libjvm.dylib+0x4820b2], sa_mask[0]=00100000000000000000000000000000, sa_flags=SA_RESTART|SA_SIGINFO
SIGHUP: [libjvm.dylib+0x480689], sa_mask[0]=11111111011111110111111111111111, sa_flags=SA_RESTART|SA_SIGINFO
SIGINT: [libjvm.dylib+0x480689], sa_mask[0]=11111111011111110111111111111111, sa_flags=SA_RESTART|SA_SIGINFO
SIGTERM: [libjvm.dylib+0x480689], sa_mask[0]=11111111011111110111111111111111, sa_flags=SA_RESTART|SA_SIGINFO
SIGQUIT: [libjvm.dylib+0x480689], sa_mask[0]=11111111011111110111111111111111, sa_flags=SA_RESTART|SA_SIGINFO


---------------  S Y S T E M  ---------------

OS:Bsduname:Darwin 16.1.0 Darwin Kernel Version 16.1.0: Thu Oct 13 21:26:57 PDT 2016; root:xnu-3789.21.3~60/RELEASE_X86_64 x86_64
rlimit: STACK 8192k, CORE 0k, NPROC 709, NOFILE 10240, AS infinity
load average:1.73 1.54 1.65

CPU:total 4 (2 cores per cpu, 2 threads per core) family 6 model 61 stepping 4, cmov, cx8, fxsr, mmx, sse, sse2, sse3, ssse3, sse4.1, sse4.2, popcnt, avx, avx2, aes, clmul, erms, 3dnowpref, lzcnt, ht, tsc, tscinvbit, bmi1, bmi2, adx

Memory: 4k page, physical 8388608k(113352k free)

/proc/meminfo:


vm_info: Java HotSpot(TM) 64-Bit Server VM (25.91-b14) for bsd-amd64 JRE (1.8.0_91-b14), built on Apr  1 2016 01:03:00 by "java_re" with gcc 4.2.1 (Based on Apple Inc. build 5658) (LLVM build 2336.11.00)

time: Thu Nov 17 13:18:52 2016
elapsed time: 14 seconds (0d 0h 0m 14s)

